============================= test session starts =============================
collecting ... collected 435 items

tests/test_adaptation_integration.py::test_step_populates_adaptation_snapshot_without_execution_side_effects PASSED [  0%]
tests/test_adaptation_manager.py::test_adaptation_manager_run_step_reports_pipeline_status_after_model_step PASSED [  0%]
tests/test_adaptation_manager_cycle.py::test_run_cycle_calls_stages_in_correct_order PASSED [  0%]
tests/test_adaptation_manager_cycle.py::test_post_move_phase_calls_expected_methods_in_order PASSED [  0%]
tests/test_adaptation_manager_cycle.py::test_run_cycle_returns_analysis_planning_execution_summaries PASSED [  1%]
tests/test_adaptation_manager_cycle.py::test_wildfire_model_step_uses_adaptation_manager_when_extension_pipeline_active PASSED [  1%]
tests/test_adaptation_manager_cycle.py::test_wildfire_model_step_populates_latest_post_move_cycle_result PASSED [  1%]
tests/test_adaptation_manager_cycle.py::test_rescue_incidents_and_communication_execution_appear_after_run_cycle PASSED [  1%]
tests/test_adaptation_manager_cycle.py::test_communication_execution_from_pre_move_unaffected_by_post_move PASSED [  2%]
tests/test_adaptation_manager_cycle.py::test_rescue_completion_and_casualty_handling_still_work_after_post_move_cycle PASSED [  2%]
tests/test_adaptation_manager_cycle.py::test_fifty_step_simulation_still_runs PASSED [  2%]
tests/test_adaptation_manager_cycle.py::test_run_cycle_rejects_unknown_phase PASSED [  2%]
tests/test_adaptation_mission_goal_integration.py::test_local_generator_without_mission_goals_still_works PASSED [  2%]
tests/test_adaptation_mission_goal_integration.py::test_local_generator_attaches_mission_goal_metadata PASSED [  3%]
tests/test_adaptation_mission_goal_integration.py::test_prioritize_victim_search_boosts_wind_aware_option PASSED [  3%]
tests/test_adaptation_mission_goal_integration.py::test_prioritize_fire_perimeter_tracking_marks_fire_front_metadata PASSED [  3%]
tests/test_adaptation_mission_goal_integration.py::test_rescue_generator_attaches_mission_goal_metadata PASSED [  3%]
tests/test_adaptation_mission_goal_integration.py::test_prioritize_rescue_completion_affects_rescue_assignment_metadata PASSED [  4%]
tests/test_adaptation_mission_goal_integration.py::test_failsafe_emergency_marks_delay_and_cancel_metadata PASSED [  4%]
tests/test_adaptation_mission_goal_integration.py::test_horizon_option_has_mission_goal_metadata PASSED [  4%]
tests/test_adaptation_mission_goal_integration.py::test_movement_option_has_mission_goal_metadata PASSED [  4%]
tests/test_adaptation_mission_goal_integration.py::test_stability_option_has_mission_goal_metadata PASSED [  5%]
tests/test_adaptation_mission_goal_integration.py::test_communication_option_has_mission_goal_metadata PASSED [  5%]
tests/test_adaptation_mission_goal_integration.py::test_survivability_priority_boosts_safe_movement_confidence PASSED [  5%]
tests/test_adaptation_mission_goal_integration.py::test_full_generate_attaches_metadata_to_all_option_families PASSED [  5%]
tests/test_adaptation_mission_goal_integration.py::test_rescue_legacy_behavior_without_mission_goals PASSED [  5%]
tests/test_adaptation_trigger_normalization.py::test_failsafe_generator_accepts_trigger_batch PASSED [  6%]
tests/test_adaptation_trigger_normalization.py::test_global_generator_accepts_legacy_all_triggers PASSED [  6%]
tests/test_adaptation_trigger_normalization.py::test_search_mode_required_produces_information_recovery_options PASSED [  6%]
tests/test_adaptation_trigger_normalization.py::test_information_insufficient_produces_search_mode_mission_options PASSED [  6%]
tests/test_adaptation_trigger_normalization.py::test_critical_battery_creates_failsafe_uav_options PASSED [  7%]
tests/test_adaptation_trigger_normalization.py::test_low_confidence_information_trigger_ignored_in_failsafe_metadata PASSED [  7%]
tests/test_adaptation_trigger_normalization.py::test_local_generator_accepts_trigger_batch_for_search_mode PASSED [  7%]
tests/test_adaptation_trigger_normalization.py::test_legacy_triggers_field_still_works_for_global_generator PASSED [  7%]
tests/test_analysis_integration.py::test_step_populates_analysis_snapshot_without_role_task_side_effects PASSED [  8%]
tests/test_behavior_regression.py::test_execution_selected_dir_not_overwritten_before_move PASSED [  8%]
tests/test_behavior_regression.py::test_left_boundary_avoids_west_direction PASSED [  8%]
tests/test_behavior_regression.py::test_avoids_high_fire_neighbor_when_safer_exists PASSED [  8%]
tests/test_behavior_regression.py::test_avoids_smoke_obscured_neighbor_when_safer_exists PASSED [  8%]
tests/test_behavior_regression.py::test_victim_searcher_prefers_victim_target_over_fire PASSED [  9%]
tests/test_behavior_regression.py::test_exploration_fallback_avoids_repeated_failed_direction PASSED [  9%]
tests/test_behavior_regression.py::test_wind_does_not_overwrite_selected_dir PASSED [  9%]
tests/test_behavior_regression.py::test_descriptive_next_action_uses_target_position FAILED [  9%]
tests/test_behavior_regression.py::test_local_path_options_include_target_position_for_fire_and_victim PASSED [ 10%]
tests/test_behavior_regression.py::test_planner_converts_descriptive_action_to_cardinal PASSED [ 10%]
tests/test_communication_adaptation_integration.py::test_degraded_comm_snapshot_creates_adaptation_option PASSED [ 10%]
tests/test_communication_adaptation_integration.py::test_communication_executor_updates_model_mode PASSED [ 10%]
tests/test_communication_adaptation_integration.py::test_dispatcher_applies_selected_communication_decision PASSED [ 11%]
tests/test_communication_adaptation_integration.py::test_pending_global_commands_are_consumed_after_execution PASSED [ 11%]
tests/test_communication_adaptation_integration.py::test_rescue_active_selects_rescue_priority_mode PASSED [ 11%]
tests/test_communication_adaptation_integration.py::test_fail_safe_mode_selects_fail_safe_priority_mode PASSED [ 11%]
tests/test_communication_adaptation_integration.py::test_wildfire_model_step_with_communication_adaptation_active PASSED [ 11%]
tests/test_communication_adaptation_integration.py::test_wildfire_model_communication_decision_reaches_executor PASSED [ 12%]
tests/test_communication_adaptation_planner.py::test_planner_selects_fail_safe_priority_over_rescue_priority PASSED [ 12%]
tests/test_communication_adaptation_planner.py::test_planner_selects_rescue_priority_over_degraded_communication PASSED [ 12%]
tests/test_communication_adaptation_planner.py::test_planner_selects_relay_support_when_relay_needed PASSED [ 12%]
tests/test_communication_adaptation_planner.py::test_planner_selects_normal_when_no_higher_priority_option_exists PASSED [ 13%]
tests/test_communication_adaptation_planner.py::test_planning_coordinator_includes_communication_decision PASSED [ 13%]
tests/test_communication_adaptation_planner.py::test_wildfire_model_planning_result_includes_planner_communication_decision PASSED [ 13%]
tests/test_communication_adaptation_planner.py::test_dispatcher_executes_planner_communication_decision PASSED [ 13%]
tests/test_dashboard_explanations_export.py::test_option_comparison_parses_real_scores PASSED [ 14%]
tests/test_dashboard_explanations_export.py::test_explanation_engine_creates_option_comparison_when_data_available PASSED [ 14%]
tests/test_dashboard_explanations_export.py::test_explanation_engine_handles_missing_alternatives_gracefully PASSED [ 14%]
tests/test_dashboard_explanations_export.py::test_explanation_engine_creates_uncertainty_explanation_for_information_recovery PASSED [ 14%]
tests/test_dashboard_explanations_export.py::test_explanation_engine_creates_rescue_assignment_explanation PASSED [ 14%]
tests/test_dashboard_explanations_export.py::test_explanation_engine_skips_firefighter_safety_explanation_when_unavailable PASSED [ 15%]
tests/test_dashboard_explanations_export.py::test_dashboard_exporter_writes_json_files PASSED [ 15%]
tests/test_dashboard_explanations_export.py::test_exported_dashboard_json_is_valid_and_serializable PASSED [ 15%]
tests/test_dashboard_explanations_export.py::test_export_does_not_mutate_model PASSED [ 15%]
tests/test_dashboard_panel.py::test_dashboard_panel_render_returns_string FAILED [ 16%]
tests/test_dashboard_panel.py::test_dashboard_panel_render_is_read_only PASSED [ 16%]
tests/test_dashboard_panel.py::test_dashboard_panel_render_never_raises PASSED [ 16%]
tests/test_dashboard_panel.py::test_dashboard_panel_render_on_model_without_get_dashboard_state PASSED [ 16%]
tests/test_dashboard_state.py::test_dashboard_state_builder_returns_serializable_dict PASSED [ 17%]
tests/test_dashboard_state.py::test_dashboard_state_contains_mission_uav_victim_firefighter_views PASSED [ 17%]
tests/test_dashboard_state.py::test_dashboard_state_contains_fire_wind_and_burnt_summary PASSED [ 17%]
tests/test_dashboard_state.py::test_dashboard_wind_vector_matches_direction PASSED [ 17%]
tests/test_dashboard_state.py::test_dashboard_wind_fix_does_not_change_trajectory PASSED [ 17%]
tests/test_dashboard_state.py::test_alert_manager_generates_victim_and_firefighter_alerts PASSED [ 18%]
tests/test_dashboard_state.py::test_alert_manager_assigns_correct_severity PASSED [ 18%]
tests/test_dashboard_state.py::test_alert_manager_deduplicates_alerts PASSED [ 18%]
tests/test_dashboard_state.py::test_alert_manager_generates_critical_victim_and_firefighter_alerts PASSED [ 18%]
tests/test_dashboard_state.py::test_alert_manager_is_read_only PASSED    [ 19%]
tests/test_dashboard_state.py::test_timeline_contains_rescue_and_casualty_events PASSED [ 19%]
tests/test_dashboard_state.py::test_timeline_is_ordered_by_step PASSED   [ 19%]
tests/test_dashboard_state.py::test_dashboard_state_contains_alert_counts PASSED [ 19%]
tests/test_dashboard_state.py::test_explanation_engine_collects_uav_and_rescue_explanations PASSED [ 20%]
tests/test_dashboard_state.py::test_dashboard_state_builder_is_read_only PASSED [ 20%]
tests/test_dashboard_state.py::test_operator_override_stub_does_not_mutate_model PASSED [ 20%]
tests/test_dashboard_state.py::test_wildfire_model_get_dashboard_state_after_50_steps PASSED [ 20%]
tests/test_dead_victim_rescue_recall.py::test_dead_victim_cannot_be_rescued PASSED [ 20%]
tests/test_dead_victim_rescue_recall.py::test_firefighter_recalled_when_assigned_victim_dies PASSED [ 21%]
tests/test_dead_victim_rescue_recall.py::test_no_rescue_complete_event_after_victim_dead PASSED [ 21%]
tests/test_dispatcher_rescue_comm.py::test_rescue_executor_confirms_victim PASSED [ 21%]
tests/test_dispatcher_rescue_comm.py::test_rescue_executor_assigns_on_dispatch PASSED [ 21%]
tests/test_dispatcher_rescue_comm.py::test_communication_executor_updates_model_and_returns_status PASSED [ 22%]
tests/test_dispatcher_rescue_comm.py::test_decision_dispatcher_returns_all_sections PASSED [ 22%]
tests/test_dispatcher_rescue_comm.py::test_dispatcher_does_not_move_agent_or_change_position PASSED [ 22%]
tests/test_execution_core.py::test_execution_result_and_execution_log PASSED [ 22%]
tests/test_execution_core.py::test_global_executor_applies_role_assignment PASSED [ 22%]
tests/test_execution_core.py::test_global_executor_updates_mission_mode PASSED [ 23%]
tests/test_execution_core.py::test_global_executor_returns_applied_for_real_decision PASSED [ 23%]
tests/test_execution_core.py::test_global_executor_does_not_modify_uav_position PASSED [ 23%]
tests/test_execution_drives_movement.py::test_pending_execution_preserves_selected_dir_and_syncs_new_direction PASSED [ 23%]
tests/test_execution_drives_movement.py::test_no_pending_execution_uses_random_baseline_and_set_drone_dirs PASSED [ 24%]
tests/test_execution_integration.py::test_step_populates_execution_artifacts_and_feedback PASSED [ 24%]
tests/test_executor_routing_and_burnt.py::test_retarget_routes_around_smoke PASSED [ 24%]
tests/test_executor_routing_and_burnt.py::test_bfs_escape_reaches_far_target PASSED [ 24%]
tests/test_executor_routing_and_burnt.py::test_bfs_depth_30_fails_but_100_succeeds PASSED [ 25%]
tests/test_executor_routing_and_burnt.py::test_forced_progress_uses_deep_bfs_for_far_target PASSED [ 25%]
tests/test_executor_routing_and_burnt.py::test_fire_cell_becomes_burnt_when_fuel_depleted PASSED [ 25%]
tests/test_executor_routing_and_burnt.py::test_burnt_cell_never_reignites PASSED [ 25%]
tests/test_executor_routing_and_burnt.py::test_burnt_cell_portrayal_is_not_green PASSED [ 25%]
tests/test_executor_routing_and_burnt.py::test_burned_cell_renders_dark_not_green_when_fire_stops PASSED [ 26%]
tests/test_executor_routing_and_burnt.py::test_has_burned_cell_with_fuel_may_reignite PASSED [ 26%]
tests/test_executor_routing_and_burnt.py::test_cell_becomes_burnt_only_when_fuel_depleted PASSED [ 26%]
tests/test_executor_routing_and_burnt.py::test_has_burned_cell_may_stop_burning_before_fuel_depleted PASSED [ 26%]
tests/test_executor_routing_and_burnt.py::test_fire_self_limits_does_not_burn_whole_map PASSED [ 27%]
tests/test_failsafe_core.py::test_failsafe_state_serializes_to_dict PASSED [ 27%]
tests/test_failsafe_core.py::test_normalize_mode_and_reason_handle_strings_safely PASSED [ 27%]
tests/test_failsafe_core.py::test_safety_checker_detects_information_insufficient_from_trigger PASSED [ 27%]
tests/test_failsafe_core.py::test_safety_checker_classifies_search_mode_required_as_information_recovery PASSED [ 28%]
tests/test_failsafe_core.py::test_safety_checker_classifies_collision_and_battery_modes PASSED [ 28%]
tests/test_failsafe_core.py::test_should_override_utility_for_emergency_and_information_recovery PASSED [ 28%]
tests/test_failsafe_integration.py::test_search_mode_active_with_normal_mission_mode_does_not_override PASSED [ 28%]
tests/test_failsafe_integration.py::test_search_mode_active_with_empty_mission_mode_does_not_override PASSED [ 28%]
tests/test_failsafe_integration.py::test_search_mode_active_with_information_recovery_mission_mode_overrides PASSED [ 29%]
tests/test_failsafe_integration.py::test_normal_mission_mode_ignores_stale_uncertainty_context_mode PASSED [ 29%]
tests/test_failsafe_integration.py::test_normal_fail_safe_does_not_activate_override PASSED [ 29%]
tests/test_failsafe_integration.py::test_normal_fail_safe_applies_local_path_execution PASSED [ 29%]
tests/test_failsafe_integration.py::test_normal_execution_passes_none_fail_safe_to_uav_executor PASSED [ 30%]
tests/test_failsafe_integration.py::test_search_mode_forwards_fail_safe_decision_to_uav_executor PASSED [ 30%]
tests/test_failsafe_integration.py::test_emergency_fail_safe_still_activates_override PASSED [ 30%]
tests/test_failsafe_integration.py::test_emergency_mode_still_forwards_fail_safe_when_applicable PASSED [ 30%]
tests/test_failsafe_integration.py::test_dispatcher_marks_fail_safe_override_active_for_search_mode PASSED [ 31%]
tests/test_failsafe_integration.py::test_search_mode_fail_safe_steers_selected_dir_via_uav_executor PASSED [ 31%]
tests/test_failsafe_integration.py::test_safe_hold_converts_local_path_to_hold PASSED [ 31%]
tests/test_failsafe_integration.py::test_uav_executor_search_mode_receives_fail_safe_decision PASSED [ 31%]
tests/test_failsafe_integration.py::test_wildfire_model_stores_failsafe_state_and_dashboard_summary PASSED [ 31%]
tests/test_failsafe_integration.py::test_execution_does_not_mutate_agent_pos PASSED [ 32%]
tests/test_failsafe_planner_mode.py::test_fail_safe_planner_information_recovery_under_search_mode_required PASSED [ 32%]
tests/test_failsafe_planner_mode.py::test_fail_safe_planner_emergency_prefers_safe_hold_or_return_to_base PASSED [ 32%]
tests/test_failsafe_planner_mode.py::test_mode_manager_enters_information_recovery_from_search_mode_required PASSED [ 32%]
tests/test_failsafe_planner_mode.py::test_mode_manager_returns_to_normal_after_recovery PASSED [ 33%]
tests/test_failsafe_planner_mode.py::test_fallback_strategy_library_returns_predefined_strategies[normal-expected_actions0] PASSED [ 33%]
tests/test_failsafe_planner_mode.py::test_fallback_strategy_library_returns_predefined_strategies[degraded-expected_actions1] PASSED [ 33%]
tests/test_failsafe_planner_mode.py::test_fallback_strategy_library_returns_predefined_strategies[safety_first-expected_actions2] PASSED [ 33%]
tests/test_failsafe_planner_mode.py::test_fallback_strategy_library_returns_predefined_strategies[emergency-expected_actions3] PASSED [ 34%]
tests/test_failsafe_planner_mode.py::test_fallback_strategy_library_returns_predefined_strategies[information_recovery-expected_actions4] PASSED [ 34%]
tests/test_firefighter_dispatch_replacement.py::test_closest_firefighter_selected_on_dispatch PASSED [ 34%]
tests/test_firefighter_dispatch_replacement.py::test_route_blocked_triggers_replacement_firefighter PASSED [ 34%]
tests/test_firefighter_dispatch_replacement.py::test_firefighter_casualty_triggers_replacement PASSED [ 34%]
tests/test_firefighter_dispatch_replacement.py::test_no_replacement_available_marks_victim_unreachable_once FAILED [ 35%]
tests/test_firefighter_dispatch_replacement.py::test_check_fire_casualties_replaces_dead_assigned_firefighter PASSED [ 35%]
tests/test_firefighter_dispatch_replacement.py::test_route_blocked_without_replacement_keeps_victim_pending_not_unreachable PASSED [ 35%]
tests/test_firefighter_fire_avoidance.py::test_firefighter_detours_around_active_fire_toward_goal PASSED [ 35%]
tests/test_firefighter_fire_avoidance.py::test_firefighter_prefers_non_adjacent_fire_cell_when_available PASSED [ 36%]
tests/test_firefighter_fire_avoidance.py::test_firefighter_can_take_lateral_detour_without_abandoning_rescue PASSED [ 36%]
tests/test_firefighter_fire_avoidance.py::test_firefighter_holds_only_when_surrounded_by_active_fire PASSED [ 36%]
tests/test_firefighter_fire_avoidance.py::test_firefighter_exit_with_victim_uses_same_fire_avoidance PASSED [ 36%]
tests/test_firefighter_fire_avoidance.py::test_idle_firefighter_flees_approaching_fire_front PASSED [ 37%]
tests/test_firefighter_fire_avoidance.py::test_idle_firefighter_stays_put_when_safe PASSED [ 37%]
tests/test_firefighter_fire_avoidance.py::test_scenario_a_east_seed42_firefighter_survival_validation PASSED [ 37%]
tests/test_gap_fixes.py::test_global_space_includes_stability_control_do_nothing PASSED [ 37%]
tests/test_gap_fixes.py::test_global_task_allocation_nonempty_without_triggers PASSED [ 37%]
tests/test_gap_fixes.py::test_global_resource_reallocation_nonempty_without_triggers PASSED [ 38%]
tests/test_gap_fixes.py::test_local_space_includes_stability_control_do_nothing PASSED [ 38%]
tests/test_gap_fixes.py::test_local_sensing_nonempty_without_evidence_or_triggers PASSED [ 38%]
tests/test_gap_fixes.py::test_rescue_space_includes_rescue_do_nothing_baseline PASSED [ 38%]
tests/test_gap_fixes.py::test_failsafe_space_includes_failsafe_do_nothing_baseline PASSED [ 39%]
tests/test_global_adaptation.py::test_maintain_current_role_option_always_exists PASSED [ 39%]
tests/test_global_adaptation.py::test_uncertainty_reduction_strategy_exists_under_uncertainty_trigger PASSED [ 39%]
tests/test_global_adaptation.py::test_belief_gap_reduction_option_generated PASSED [ 39%]
tests/test_global_adaptation.py::test_resource_reallocation_options_generated_under_low_battery PASSED [ 40%]
tests/test_global_adaptation.py::test_fail_safe_mission_options_generated_under_information_collapse PASSED [ 40%]
tests/test_global_analysis.py::test_high_uncertainty_region_from_uncertainty_summary PASSED [ 40%]
tests/test_global_analysis.py::test_search_mode_required_low_gain_and_high_fire_belief PASSED [ 40%]
tests/test_global_analysis.py::test_critical_link_unreliable_low_comm_confidence PASSED [ 40%]
tests/test_global_analysis.py::test_oscillation_risk_high_role_switch_count PASSED [ 41%]
tests/test_global_executor_role_signature.py::test_full_update_role_signature_receives_metadata PASSED [ 41%]
tests/test_global_executor_role_signature.py::test_legacy_update_role_signature_still_works PASSED [ 41%]
tests/test_global_executor_role_signature.py::test_real_uav_resource_model_does_not_crash PASSED [ 41%]
tests/test_global_local_planners.py::test_global_mission_planner_selects_high_utility_over_do_nothing PASSED [ 42%]
tests/test_global_local_planners.py::test_global_mission_planner_returns_maintain_when_no_feasible_option PASSED [ 42%]
tests/test_global_local_planners.py::test_local_path_planner_selects_higher_utility_search_option PASSED [ 42%]
tests/test_global_local_planners.py::test_local_path_planner_returns_hold_current_path_fallback PASSED [ 42%]
tests/test_global_local_planners.py::test_local_path_planner_does_not_modify_uav_agent_or_selected_dir PASSED [ 42%]
tests/test_global_monitor_wind_fields.py::test_global_observation_snapshot_declares_wind_fields PASSED [ 43%]
tests/test_global_monitor_wind_fields.py::test_global_monitor_populates_wind_fields PASSED [ 43%]
tests/test_global_monitor_wind_fields.py::test_changing_wind_direction_changes_snapshot_vector PASSED [ 43%]
tests/test_global_monitor_wind_fields.py::test_analysis_snapshot_includes_wind_from_global_snapshot PASSED [ 43%]
tests/test_global_monitor_wind_fields.py::test_wind_summary_prefers_global_snapshot_over_bridge PASSED [ 44%]
tests/test_global_monitor_wind_fields.py::test_latest_global_snapshot_after_step_has_wind PASSED [ 44%]
tests/test_global_utility.py::test_high_fire_contribution_improves_score PASSED [ 44%]
tests/test_global_utility.py::test_high_uncertainty_reduction_improves_score PASSED [ 44%]
tests/test_global_utility.py::test_high_information_recovery_improves_score PASSED [ 45%]
tests/test_global_utility.py::test_high_switching_cost_lowers_score PASSED [ 45%]
tests/test_global_utility.py::test_do_nothing_feasible_and_stability_idle PASSED [ 45%]
tests/test_horizon_utility.py::test_global_short_horizon_beats_long_under_high_uncertainty PASSED [ 45%]
tests/test_horizon_utility.py::test_global_long_horizon_beats_short_under_stable_low_uncertainty PASSED [ 45%]
tests/test_horizon_utility.py::test_global_information_collapse_favors_search_replan_short PASSED [ 46%]
tests/test_horizon_utility.py::test_local_short_horizon_beats_long_under_high_uncertainty PASSED [ 46%]
tests/test_initial_uav_roles.py::test_all_uavs_have_non_empty_roles_after_init PASSED [ 46%]
tests/test_initial_uav_roles.py::test_last_uav_is_victim_searcher PASSED [ 46%]
tests/test_initial_uav_roles.py::test_other_uavs_are_fire_tracker PASSED [ 47%]
tests/test_initial_uav_roles.py::test_roles_in_managed_and_resource_model PASSED [ 47%]
tests/test_knowledge_models.py::test_fire_runtime_model_core_behaviors PASSED [ 47%]
tests/test_knowledge_models.py::test_visibility_model_core_behaviors PASSED [ 47%]
tests/test_knowledge_models.py::test_victim_runtime_model_updates PASSED [ 48%]
tests/test_knowledge_models.py::test_victim_confidence_decay_and_uncertainty_growth PASSED [ 48%]
tests/test_knowledge_models.py::test_uav_resource_model_role_and_battery PASSED [ 48%]
tests/test_knowledge_models.py::test_communication_model_failure_and_relay_flag PASSED [ 48%]
tests/test_knowledge_models.py::test_shared_operational_picture_rebuild_and_dashboard_summary PASSED [ 48%]
tests/test_knowledge_models.py::test_fire_negative_observation_decay PASSED [ 49%]
tests/test_knowledge_models.py::test_fire_get_best_search_target_non_visible PASSED [ 49%]
tests/test_local_adaptation.py::test_hold_current_path_option_exists PASSED [ 49%]
tests/test_local_adaptation.py::test_search_option_generated_from_search_mode_required_trigger PASSED [ 49%]
tests/test_local_adaptation.py::test_drift_aware_movement_option_generated_under_drift_too_high PASSED [ 50%]
tests/test_local_adaptation.py::test_delayed_adaptation_exists_under_instability_trigger PASSED [ 50%]
tests/test_local_adaptation.py::test_uncertainty_driven_sensing_options_exist PASSED [ 50%]
tests/test_local_adaptation_fire_front.py::test_center_cell_is_not_fire_front PASSED [ 50%]
tests/test_local_adaptation_fire_front.py::test_front_cells_preferred_over_center_cells PASSED [ 51%]
tests/test_local_adaptation_fire_front.py::test_fallback_to_all_high_when_no_front_cells PASSED [ 51%]
tests/test_local_adaptation_fire_front.py::test_generate_path_options_marks_fire_front_targets PASSED [ 51%]
tests/test_local_adaptation_victim_search.py::test_victim_searcher_gets_move_toward_victim_candidate_options PASSED [ 51%]
tests/test_local_adaptation_victim_search.py::test_non_victim_role_keeps_fire_path_options_without_victim_candidate PASSED [ 51%]
tests/test_local_adaptation_victim_search.py::test_victim_directed_option_has_strong_task_support_flags PASSED [ 52%]
tests/test_local_analysis.py::test_structured_trigger_has_required_fields[AdaptationTrigger] PASSED [ 52%]
tests/test_local_analysis.py::test_structured_trigger_has_required_fields[SafetyTrigger] PASSED [ 52%]
tests/test_local_analysis.py::test_structured_trigger_has_required_fields[ResourceTrigger] PASSED [ 52%]
tests/test_local_analysis.py::test_structured_trigger_has_required_fields[RescueTrigger] PASSED [ 53%]
tests/test_local_analysis.py::test_structured_trigger_has_required_fields[CommunicationTrigger] PASSED [ 53%]
tests/test_local_analysis.py::test_structured_trigger_has_required_fields[UncertaintyTrigger] PASSED [ 53%]
tests/test_local_analysis.py::test_structured_trigger_has_required_fields[InformationTrigger] PASSED [ 53%]
tests/test_local_analysis.py::test_low_battery_from_observation PASSED   [ 54%]
tests/test_local_analysis.py::test_drift_too_high_from_drift_error PASSED [ 54%]
tests/test_local_analysis.py::test_low_information_or_search_when_gain_low_and_uncertainty PASSED [ 54%]
tests/test_local_observation_knowledge.py::test_local_observation_drives_fire_visibility_and_resource_knowledge PASSED [ 54%]
tests/test_local_path_context_model.py::test_refresh_updates_required_fields PASSED [ 54%]
tests/test_local_path_context_model.py::test_oscillation_score_increases_with_ping_pong PASSED [ 55%]
tests/test_local_path_context_model.py::test_stuck_count_propagates_to_snapshot PASSED [ 55%]
tests/test_local_path_context_model.py::test_hazard_proximity_updates_nearby_fire_and_smoke PASSED [ 55%]
tests/test_local_path_context_model.py::test_target_switch_count_tracked_on_refresh PASSED [ 55%]
tests/test_local_path_context_model.py::test_navigation_confidence_updates_from_runtime PASSED [ 56%]
tests/test_local_path_context_model.py::test_analyzer_uses_path_context_for_stuck_and_oscillation PASSED [ 56%]
tests/test_local_path_context_model.py::test_adaptation_reads_path_context_for_movement_options PASSED [ 56%]
tests/test_local_path_context_model.py::test_planner_accesses_path_context_from_runtime_models PASSED [ 56%]
tests/test_local_path_context_model.py::test_wildfire_model_refreshes_path_context_after_step PASSED [ 57%]
tests/test_local_path_context_model.py::test_wildfire_model_target_switch_detection PASSED [ 57%]
tests/test_local_path_context_model.py::test_legacy_update_context_still_works PASSED [ 57%]
tests/test_local_utility.py::test_high_information_gain_scores_higher PASSED [ 57%]
tests/test_local_utility.py::test_high_collision_risk_lowers_score PASSED [ 57%]
tests/test_local_utility.py::test_high_drift_penalty_lowers_score PASSED [ 58%]
tests/test_local_utility.py::test_stability_bonus_increases_score PASSED [ 58%]
tests/test_local_utility.py::test_recovery_scores_higher_under_information_recovery_mode PASSED [ 58%]
tests/test_mission_goal_model.py::test_default_exploration_phase PASSED  [ 58%]
tests/test_mission_goal_model.py::test_rescue_active_when_victim_assigned PASSED [ 59%]
tests/test_mission_goal_model.py::test_emergency_and_degraded_propagation PASSED [ 59%]
tests/test_mission_goal_model.py::test_evacuation_when_fire_severity_high_with_victims PASSED [ 59%]
tests/test_mission_goal_model.py::test_fire_severity_and_coverage_metrics_update PASSED [ 59%]
tests/test_mission_goal_model.py::test_goal_priority_toggles_and_legacy_weights PASSED [ 60%]
tests/test_mission_goal_model.py::test_runtime_context_exposed_to_planners PASSED [ 60%]
tests/test_mission_goal_model.py::test_constraint_filter_uses_live_mission_constraints PASSED [ 60%]
tests/test_mission_goal_model.py::test_global_adaptation_reads_mission_goals_for_search_mode PASSED [ 60%]
tests/test_mission_goal_model.py::test_global_planner_reads_mission_goal_utility_mode PASSED [ 60%]
tests/test_mission_goal_model.py::test_snapshot_backward_compatibility PASSED [ 61%]
tests/test_physical_rescue_command.py::test_apply_physical_rescue_command_assign PASSED [ 61%]
tests/test_physical_rescue_command.py::test_dispatch_uses_shared_rescue_executor PASSED [ 61%]
tests/test_physical_rescue_command.py::test_dead_firefighter_not_dispatched_via_apply PASSED [ 61%]
tests/test_planner_core.py::test_mission_decision_supports_new_fields PASSED [ 62%]
tests/test_planner_core.py::test_path_decision_supports_new_fields PASSED [ 62%]
tests/test_planner_core.py::test_rescue_decision_supports_new_fields PASSED [ 62%]
tests/test_planner_core.py::test_fail_safe_decision_supports_new_fields PASSED [ 62%]
tests/test_planner_core.py::test_score_and_select_best_returns_highest_utility_option PASSED [ 62%]
tests/test_planner_core.py::test_find_maintain_option_returns_stability_option_when_present PASSED [ 63%]
tests/test_planning_integration.py::test_step_populates_planning_result_without_execution_side_effects PASSED [ 63%]
tests/test_rescue_event_bridge.py::test_initial_dispatch_records_dispatch_initial PASSED [ 63%]
tests/test_rescue_event_bridge.py::test_route_blocked_and_replacement_record_events PASSED [ 63%]
tests/test_rescue_event_bridge.py::test_casualty_replacement_records_events PASSED [ 64%]
tests/test_rescue_event_bridge.py::test_rescue_failure_records_rescue_failed PASSED [ 64%]
tests/test_rescue_event_bridge.py::test_rescue_complete_records_rescue_complete PASSED [ 64%]
tests/test_rescue_failsafe_planners.py::test_rescue_planner_prefers_confirmation_when_victim_uncertainty_high PASSED [ 64%]
tests/test_rescue_failsafe_planners.py::test_rescue_planner_maintain_current_rescue_state_fallback PASSED [ 65%]
tests/test_rescue_failsafe_planners.py::test_fail_safe_planner_prefers_search_under_search_mode_required_trigger PASSED [ 65%]
tests/test_rescue_failsafe_planners.py::test_fail_safe_planner_marks_search_mode_active_for_search_decision PASSED [ 65%]
tests/test_rescue_failsafe_planners.py::test_fail_safe_planner_maintain_current_failsafe_fallback PASSED [ 65%]
tests/test_rescue_planner_authority.py::test_victim_confirmed_incident_planner_assigns_closest PASSED [ 65%]
tests/test_rescue_planner_authority.py::test_sync_victim_status_does_not_dispatch_without_fallback PASSED [ 66%]
tests/test_rescue_planner_authority.py::test_route_blocked_incident_planner_replacement PASSED [ 66%]
tests/test_rescue_planner_authority.py::test_firefighter_casualty_incident_planner_replacement PASSED [ 66%]
tests/test_rescue_planner_authority.py::test_no_firefighter_planner_delay_or_unreachable FAILED [ 66%]
tests/test_rescue_planner_authority.py::test_duplicate_incident_not_processed_twice PASSED [ 67%]
tests/test_sop_local_obs_integration.py::test_local_observation_model_updated_and_sop_rebuilt_from_pipeline PASSED [ 67%]
tests/test_specialized_utility.py::test_rescue_confirmation_beats_dispatch_low_confidence_high_uncertainty PASSED [ 67%]
tests/test_specialized_utility.py::test_relay_communication_scores_higher_with_low_delivery_confidence PASSED [ 67%]
tests/test_specialized_utility.py::test_return_to_base_scores_higher_with_high_energy_failure_risk PASSED [ 68%]
tests/test_specialized_utility.py::test_failsafe_search_scores_higher_with_high_recovery_value PASSED [ 68%]
tests/test_specialized_utility.py::test_confidence_adjustment_lowers_weak_confidence_score PASSED [ 68%]
tests/test_system_boundary.py::test_managed_system_boundary_state_initializes_and_updates PASSED [ 68%]
tests/test_trigger_normalization.py::test_normalize_triggers_from_trigger_batch_object PASSED [ 68%]
tests/test_trigger_normalization.py::test_normalize_triggers_from_dict_all_triggers PASSED [ 69%]
tests/test_trigger_normalization.py::test_normalize_triggers_from_tuple_and_string PASSED [ 69%]
tests/test_trigger_normalization.py::test_low_confidence_information_trigger_ignored_by_safety_checker PASSED [ 69%]
tests/test_trigger_normalization.py::test_search_mode_required_maps_to_information_recovery PASSED [ 69%]
tests/test_trigger_normalization.py::test_critical_battery_maps_correctly PASSED [ 70%]
tests/test_trigger_normalization.py::test_fail_safe_planner_uses_normalized_object_snapshot PASSED [ 70%]
tests/test_trigger_normalization.py::test_analysis_result_exposes_trigger_batch_alias PASSED [ 70%]
tests/test_trigger_normalization.py::test_trigger_signal_passes_information_confidence_gate PASSED [ 70%]
tests/test_trigger_normalization.py::test_mode_manager_accepts_trigger_batch_on_snapshot PASSED [ 71%]
tests/test_trigger_normalization.py::test_mode_manager_accepts_dict_all_triggers PASSED [ 71%]
tests/test_trigger_normalization.py::test_planning_coordinator_uses_trigger_batch_from_snapshot PASSED [ 71%]
tests/test_trigger_normalization.py::test_analysis_triggers_falls_back_to_global_trigger_list PASSED [ 71%]
tests/test_trigger_normalization.py::test_planning_coordinator_falls_back_to_legacy_trigger_list PASSED [ 71%]
tests/test_trigger_normalization.py::test_mode_manager_backward_compatible_with_triggers_field PASSED [ 72%]
tests/test_uav_battery_monitoring.py::test_local_monitor_reads_uav_battery_and_resource_model_receives_it PASSED [ 72%]
tests/test_uav_battery_monitoring.py::test_battery_drains_after_advance_without_changing_move_contract PASSED [ 72%]
tests/test_uav_executor.py::test_uav_executor_maps_cardinal_actions[east-0] PASSED [ 72%]
tests/test_uav_executor.py::test_uav_executor_maps_cardinal_actions[south-1] PASSED [ 73%]
tests/test_uav_executor.py::test_uav_executor_maps_cardinal_actions[west-2] PASSED [ 73%]
tests/test_uav_executor.py::test_uav_executor_maps_cardinal_actions[north-3] PASSED [ 73%]
tests/test_uav_executor.py::test_uav_executor_hold_preserves_selected_dir PASSED [ 73%]
tests/test_uav_executor.py::test_uav_executor_uses_waypoint_for_selected_dir PASSED [ 74%]
tests/test_uav_executor.py::test_uav_executor_does_not_move_uav_position PASSED [ 74%]
tests/test_uav_executor.py::test_search_mode_steers_toward_get_best_search_target PASSED [ 74%]
tests/test_uav_executor.py::test_uav_move_no_longer_calls_knowledge_fallback_bias PASSED [ 74%]
tests/test_uav_executor.py::test_stuck_count_below_two_uses_normal_victim_routing PASSED [ 74%]
tests/test_uav_executor.py::test_stuck_victim_uav_escapes_repeated_position PASSED [ 75%]
tests/test_uav_executor.py::test_stuck_victim_uav_avoids_fire PASSED     [ 75%]
tests/test_uav_executor.py::test_stuck_victim_uav_avoids_smoke PASSED    [ 75%]
tests/test_uav_executor.py::test_stuck_victim_uav_changes_selected_dir PASSED [ 75%]
tests/test_uav_executor.py::test_non_stuck_victim_routing_unchanged PASSED [ 76%]
tests/test_uav_executor.py::test_moving_uav_resets_stuck_count PASSED    [ 76%]
tests/test_uav_executor.py::test_victim_oscillation_activates_escape_committed PASSED [ 76%]
tests/test_uav_executor.py::test_victim_escape_memory_continues_same_direction PASSED [ 76%]
tests/test_uav_executor.py::test_victim_escape_memory_clears_after_significant_progress PASSED [ 77%]
tests/test_uav_executor.py::test_victim_oscillation_prefers_safe_over_hazardous PASSED [ 77%]
tests/test_uav_executor.py::test_victim_non_oscillating_routing_uses_computed_from_target PASSED [ 77%]
tests/test_uav_executor.py::test_blocked_uav_increments_stuck_count PASSED [ 77%]
tests/test_uav_executor.py::test_bfs_escape_finds_path_around_fire_wall PASSED [ 77%]
tests/test_uav_executor.py::test_bfs_escape_returns_none_when_fully_enclosed PASSED [ 78%]
tests/test_uav_executor.py::test_bfs_smoke_fallback_can_ignore_smoke_when_needed PASSED [ 78%]
tests/test_uav_executor.py::test_forced_progress_uses_bfs_when_greedy_fails PASSED [ 78%]
tests/test_uav_executor_boundary.py::test_right_boundary_avoids_east_when_target_is_further_right PASSED [ 78%]
tests/test_uav_executor_boundary.py::test_vertical_boundaries_avoid_out_of_bounds_direction PASSED [ 79%]
tests/test_uav_executor_boundary.py::test_no_bounds_information_returns_original_chosen_direction PASSED [ 79%]
tests/test_uav_movement_monitor_timestep.py::test_local_observation_movement_fields_match_current_advance_step PASSED [ 79%]
tests/test_uav_sector_assignment.py::test_get_uav_index_for_three_uavs PASSED [ 79%]
tests/test_uav_sector_assignment.py::test_get_team_size_returns_available_entities_count PASSED [ 80%]
tests/test_uav_sector_assignment.py::test_sector_slicing_distributes_nine_targets_across_three_uavs PASSED [ 80%]
tests/test_uav_sector_assignment.py::test_explore_option_generated_from_visibility_state_observation_map PASSED [ 80%]
tests/test_uav_sector_assignment.py::test_explore_option_has_competitive_utility_parameters PASSED [ 80%]
tests/test_uav_sector_assignment.py::test_fire_tracker_uavs_receive_different_target_sets FAILED [ 80%]
tests/test_uav_sector_assignment.py::test_victim_searcher_with_victims_returns_victim_directed_path_options_only PASSED [ 81%]
tests/test_uav_sector_assignment.py::test_victim_searcher_excludes_fire_front_and_belief_path_options PASSED [ 81%]
tests/test_uav_sector_assignment.py::test_victim_searcher_path_options_preserve_victim_metadata PASSED [ 81%]
tests/test_uav_sector_assignment.py::test_victim_searcher_includes_maintain_current_noop_option PASSED [ 81%]
tests/test_uav_sector_assignment.py::test_victim_searcher_without_victims_emits_wind_aware_search_option PASSED [ 82%]
tests/test_uav_sector_assignment.py::test_get_uav_role_reads_role_correctly PASSED [ 82%]
tests/test_uav_sector_assignment.py::test_victim_searcher_exempt_from_search_mode_override PASSED [ 82%]
tests/test_uav_sector_assignment.py::test_victim_search_exempt_from_search_mode_override PASSED [ 82%]
tests/test_uav_sector_assignment.py::test_fire_tracker_still_overridden_by_search_mode_fail_safe FAILED [ 82%]
tests/test_uav_sector_assignment.py::test_emergency_and_safe_hold_still_override_victim_searcher PASSED [ 83%]
tests/test_uav_sector_assignment.py::test_exploration_fallback_prefers_distinct_directions_per_uav_id PASSED [ 83%]
tests/test_uav_sector_assignment.py::test_exploration_fallback_fire_hazard_overrides_directional_bias PASSED [ 83%]
tests/test_uav_sector_assignment.py::test_exploration_fallback_smoke_hazard_overrides_directional_bias PASSED [ 83%]
tests/test_uav_sector_assignment.py::test_exploration_fallback_respects_boundary_safe_movement PASSED [ 84%]
tests/test_uav_sector_assignment.py::test_exploration_fallback_returns_valid_direction PASSED [ 84%]
tests/test_unresolved_victim_coverage.py::test_post_rescue_coverage_flag_set_in_wind_state PASSED [ 84%]
tests/test_unresolved_victim_coverage.py::test_corridor_diversity_failure_forces_west_target PASSED [ 84%]
tests/test_unresolved_victim_coverage.py::test_coverage_mode_activates_when_unresolved_and_no_detection PASSED [ 85%]
tests/test_unresolved_victim_coverage.py::test_victim_searcher_does_not_stay_in_single_corridor_when_unresolved PASSED [ 85%]
tests/test_unresolved_victim_coverage.py::test_coverage_target_stays_in_interior_band PASSED [ 85%]
tests/test_unresolved_victim_coverage.py::test_coverage_y_sweep_alternates_halves PASSED [ 85%]
tests/test_unresolved_victim_coverage.py::test_coverage_y_sweep_lower_after_upper_camping PASSED [ 85%]
tests/test_unresolved_victim_coverage.py::test_remaining_victim_coverage_after_two_rescues PASSED [ 86%]
tests/test_unresolved_victim_coverage.py::test_scenario_a_all_victims_accounted PASSED [ 86%]
tests/test_unresolved_victim_coverage.py::test_seed42_scenario_a_all_victims_accounted_by_300 PASSED [ 86%]
tests/test_utility_constraints.py::test_local_hard_collision_violation_infeasible PASSED [ 86%]
tests/test_utility_constraints.py::test_global_projected_battery_below_threshold_infeasible PASSED [ 87%]
tests/test_utility_constraints.py::test_rescue_route_feasible_false_infeasible PASSED [ 87%]
tests/test_utility_constraints.py::test_communication_critical_requires_delivery_infeasible PASSED [ 87%]
tests/test_utility_constraints.py::test_fail_safe_mode_bypasses_critical_communication_violation PASSED [ 87%]
tests/test_utility_core.py::test_option_evaluation_has_required_fields PASSED [ 88%]
tests/test_utility_core.py::test_utility_term_contribution_stored PASSED [ 88%]
tests/test_utility_core.py::test_score_options_returns_scored_option_descending PASSED [ 88%]
tests/test_utility_core.py::test_dashboard_summary_returns_string PASSED [ 88%]
tests/test_victim_search_seed.py::test_managed_victims_seeded_with_higher_confidence_and_confirmation PASSED [ 88%]
tests/test_victim_search_seed.py::test_last_uav_seeded_as_victim_searcher PASSED [ 89%]
tests/test_victim_searcher_scenario_matrix.py::test_resolve_victim_searcher_role_lookup_one_uav PASSED [ 89%]
tests/test_victim_searcher_scenario_matrix.py::test_resolve_victim_searcher_role_lookup_two_uavs PASSED [ 89%]
tests/test_victim_searcher_scenario_matrix.py::test_resolve_victim_searcher_role_lookup_three_uavs PASSED [ 89%]
tests/test_victim_searcher_scenario_matrix.py::test_resolve_victim_searcher_role_lookup_five_uavs PASSED [ 90%]
tests/test_victim_searcher_scenario_matrix.py::test_no_crash_zero_victims PASSED [ 90%]
tests/test_victim_searcher_scenario_matrix.py::test_scenario_matrix_helper_runs PASSED [ 90%]
tests/test_victim_searcher_scenario_matrix.py::test_scenario_a_no_5x5_camping_east PASSED [ 90%]
tests/test_victim_searcher_scenario_matrix.py::test_variable_wind_adapts_scenario_a PASSED [ 91%]
tests/test_wind_aware_corridor_search.py::test_same_target_streak_resets_corridor PASSED [ 91%]
tests/test_wind_aware_corridor_search.py::test_corridor_generates_interior_waypoints PASSED [ 91%]
tests/test_wind_aware_corridor_search.py::test_corridor_exhaustion_sets_force_sweep PASSED [ 91%]
tests/test_wind_aware_corridor_search.py::test_south_wind_penalizes_southern_edge PASSED [ 91%]
tests/test_wind_aware_corridor_search.py::test_east_wind_prefers_interior_when_corner_penalized PASSED [ 92%]
tests/test_wind_aware_corridor_search.py::test_high_visit_count_reduces_corner_score PASSED [ 92%]
tests/test_wind_aware_corridor_search.py::test_saturated_target_not_reselected_immediately PASSED [ 92%]
tests/test_wind_aware_corridor_search.py::test_recent_target_penalty_avoids_immediate_repeat PASSED [ 92%]
tests/test_wind_aware_corridor_search.py::test_planner_avoids_hold_when_wind_target_reached PASSED [ 93%]
tests/test_wind_aware_corridor_search.py::test_executor_retargets_when_planner_requests_new_wind_target PASSED [ 93%]
tests/test_wind_aware_corridor_search.py::test_no_fire_or_smoke_target_selected PASSED [ 93%]
tests/test_wind_aware_corridor_search.py::test_east_wind_80_step_run_visits_multiple_cells_not_one_corner_camp PASSED [ 93%]
tests/test_wind_aware_planning.py::test_local_adaptation_generator_emits_wind_aware_option PASSED [ 94%]
tests/test_wind_aware_planning.py::test_cardinal_winds_produce_different_option_targets PASSED [ 94%]
tests/test_wind_aware_planning.py::test_wind_option_includes_required_parameters PASSED [ 94%]
tests/test_wind_aware_planning.py::test_executor_consumes_planner_generated_option PASSED [ 94%]
tests/test_wind_aware_planning.py::test_executor_fallback_wind_aware_when_planner_option_absent PASSED [ 94%]
tests/test_wind_aware_planning.py::test_generated_targets_avoid_fire_and_smoke PASSED [ 95%]
tests/test_wind_aware_planning.py::test_planner_explanation_source_is_planner PASSED [ 95%]
tests/test_wind_aware_planning.py::test_known_victim_target_overrides_wind_aware_exploration PASSED [ 95%]
tests/test_wind_aware_trajectory_regression.py::test_north_vs_south_trajectories_diverge_over_40_steps FAILED [ 95%]
tests/test_wind_aware_trajectory_regression.py::test_east_vs_west_trajectories_diverge_over_40_steps PASSED [ 96%]
tests/test_wind_aware_trajectory_regression.py::test_all_cardinals_produce_distinct_regions_and_safe_positions PASSED [ 96%]
tests/test_wind_aware_trajectory_regression.py::test_known_victim_overrides_wind_aware_exploration PASSED [ 96%]
tests/test_wind_aware_victim_search.py::test_wind_reads_runtime_wind_direction_from_common_fixed_variables PASSED [ 96%]
tests/test_wind_aware_victim_search.py::test_wind_vector_from_direction_maps_cardinals PASSED [ 97%]
tests/test_wind_aware_victim_search.py::test_wind_north_and_south_produce_different_targets PASSED [ 97%]
tests/test_wind_aware_victim_search.py::test_wind_east_and_west_produce_different_targets PASSED [ 97%]
tests/test_wind_aware_victim_search.py::test_wind_aware_target_avoids_fire_and_smoke PASSED [ 97%]
tests/test_wind_aware_victim_search.py::test_victim_search_wind_aware_action_when_downwind_exists FAILED [ 97%]
tests/test_wind_aware_victim_search.py::test_fallback_exploring_when_no_wind_target PASSED [ 98%]
tests/test_wind_aware_victim_search.py::test_explanation_recorded_for_wind_aware_search PASSED [ 98%]
tests/test_wind_aware_victim_search.py::test_sweep_initialization_differs_by_wind PASSED [ 98%]
tests/test_wind_aware_victim_search.py::test_environment_bridge_update_and_summary PASSED [ 98%]
tests/test_wind_aware_victim_search.py::test_wildfire_model_syncs_wind_to_bridge PASSED [ 99%]
tests/test_y_sweep_commit.py::test_y_sweep_commits_to_far_north_until_penetrated PASSED [ 99%]
tests/test_y_sweep_commit.py::test_y_sweep_commits_to_far_south_until_penetrated PASSED [ 99%]
tests/test_y_sweep_commit.py::test_y_sweep_does_not_flip_at_midline PASSED [ 99%]
tests/test_y_sweep_commit.py::test_victim_searcher_reaches_y_ge_40_in_scenario_a_seed42 PASSED [100%]

================================== FAILURES ===================================
______________ test_descriptive_next_action_uses_target_position ______________

    def test_descriptive_next_action_uses_target_position() -> None:
        executor, agent, _ = _executor_at((2, 5))
        decision = PathDecision(
            decision_id="p-5",
            uav_id="0",
            next_action="move_toward_fire_front",
            uncertainty_context={"target_position": (7.0, 5.0)},
        )
        result = executor.execute(decision, timestamp=1.0)
>       assert result["action"] == "computed_from_target"
E       AssertionError: assert 'fire_flank_standoff' == 'computed_from_target'
E         
E         - computed_from_target
E         + fire_flank_standoff

tests\test_behavior_regression.py:232: AssertionError
_________________ test_dashboard_panel_render_returns_string __________________

    def test_dashboard_panel_render_returns_string() -> None:
        model = _scenario_a_model()
        for _ in range(5):
            model.step()
        html = DashboardPanel().render(model)
        assert isinstance(html, str)
        assert html
>       assert "Step" in html
E       assert 'Step' in '<div style="font-family:\\'Segoe UI\\',system-ui,sans-serif;color:#d8dee6;background:#0f1419;padding:14px 16px;border-radius:12px;max-width:760px;line-height:1.5;font-size:13px;box-shadow:0 2px 12px rgba(0,0,0,.35)"><div style=\\'display:flex;align-items:center;justify-content:space-between;border-bottom:1px solid #2f3b47;padding-bottom:8px;margin-bottom:10px\\'><span style=\\'font-size:16px;font-weight:700;color:#d8dee6\\'>\U0001f6f0 Mission Dashboard</span><span style=\\'font-size:12px;color:#8a97a5\\'>step <b style=\\'color:#4aa3ff;font-size:15px\\'>5</b> / 300 &nbsp; <span style=\\'display:inline-block;padding:1px 7px;border-radius:10px;background:#f5a62322;color:#f5a623;border:1px solid #f5a62355;font-size:11px;font-weight:600;white-space:nowrap\\'>information_recovery</span></span></div><div><div style=\\'display:flex;height:10px;border-radius:5px;overflow:hidden;background:#232d38;margin:6px 0\\'><div style=\\'width:100.0%;background:#f5a623;height:100%\\'></div></div><div style=\\'display:flex;gap:14px;font-size:12px\\'><span><span style=\\'display:inline-block;padding:1px 7px;border-radius:10px;background:#3ecf8e22;color:#3ecf8e;border:1px solid #3ecf8e55;font-size:11px;font-weight:600;white-space..._communication</span></span></li><li style=\\'margin:3px 0;list-style:none;display:flex;gap:8px;align-items:baseline\\'><span style=\\'color:#4aa3ff;font-size:11px;font-weight:600;min-width:34px\\'>s3</span><span><b style=\\'color:#22c3c3\\'>movement_transition</b> <span style=\\'color:#8a97a5\\'>2500 &middot; fire_tracker standoff move (side=full, nearest-fire dist 15, smoke-free=True) (was tracker_relocate)</span></span></li><li style=\\'margin:3px 0;list-style:none;display:flex;gap:8px;align-items:baseline\\'><span style=\\'color:#4aa3ff;font-size:11px;font-weight:600;min-width:34px\\'>s3</span><span><b style=\\'color:#22c3c3\\'>communication_mode_changed</b> <span style=\\'color:#8a97a5\\'>communication &middot; Fail-safe mode information_recovery requires fail-safe communication priority</span></span></li><li style=\\'margin:3px 0;list-style:none;display:flex;gap:8px;align-items:baseline\\'><span style=\\'color:#4aa3ff;font-size:11px;font-weight:600;min-width:34px\\'>s2</span><span><b style=\\'color:#22c3c3\\'>movement_transition</b> <span style=\\'color:#8a97a5\\'>2501 &middot; searching region toward (8,38): highest uncovered-uncertainty (was searcher_coverage)</span></span></li></ul></div></div>'

tests\test_dashboard_panel.py:60: AssertionError
---------------------------- Captured stdout call -----------------------------
2
_________ test_no_replacement_available_marks_victim_unreachable_once _________

    def test_no_replacement_available_marks_victim_unreachable_once() -> None:
        model = _fresh_model()
        _reset_firefighters(model)
        marker = _prepare_victim_for_dispatch(model)
        _place(model, _ff(model, FF_FAR), FF_FAR_CELL)
        near = _ff(model, FF_NEAR)
        _place(model, near, FF_NEAR_CELL)
        near.dead = True
        near.status = "dead"
    
        _assign_ff_to_victim(model, FF_FAR, marker, FF_FAR_CELL)
        ff0 = _ff(model, FF_FAR)
        ff0.dead = True
        ff0.assigned = False
        ff0.target_pos = None
        ff0.rescued_victim = None
        ff0.status = "dead"
    
        model._try_replacement_after_firefighter_casualty(marker)
        model._try_replacement_after_firefighter_casualty(marker)
    
        state = model.managed_victims[VICTIM_ID]
>       assert state.unreachable is True
E       AssertionError: assert False is True
E        +  where False = VictimState(victim_id='victim_0', status='assigned', last_known_position=(40.0, 25.0), rescue_assigned=True, firefighter_id='ff_unit_2', confirmed=True, confidence=0.65, needs_confirmation=True, attributes={}).unreachable

tests\test_firefighter_dispatch_replacement.py:206: AssertionError
---------------------------- Captured stdout call -----------------------------
2
[Dispatch] FF-ff_unit_2 assigned to victim_0 reason=replacement_after_casualty manhattan_dist=24
[RescueEvent] type=dispatch_replacement_after_casualty victim=victim_0 ff=ff_unit_2 reason=replacement_after_casualty
______________ test_no_firefighter_planner_delay_or_unreachable _______________

    def test_no_firefighter_planner_delay_or_unreachable() -> None:
        model = _fresh_model()
        _reset_firefighters(model)
        _prepare_victim(model)
        for ff_id in (FF_FAR, FF_NEAR):
            ff = _ff(model, ff_id)
            ff.dead = True
    
        snap = model.get_rescue_operational_snapshot()
        initial = select_rescue_assignment(snap, "initial", victim_id=VICTIM_ID)
        replacement = select_rescue_assignment(
            snap, "replacement_after_casualty", victim_id=VICTIM_ID
        )
>       assert str(getattr(initial, "rescue_action", "")).lower() == "delay"
E       AssertionError: assert 'assign' == 'delay'
E         
E         - delay
E         + assign

tests\test_rescue_planner_authority.py:185: AssertionError
---------------------------- Captured stdout call -----------------------------
2
____________ test_fire_tracker_uavs_receive_different_target_sets _____________

    def test_fire_tracker_uavs_receive_different_target_sets() -> None:
        generator = LocalAdaptationSpaceGenerator()
        runtime_models = _runtime_models(["0", "1", "2"])
    
        fire_targets: dict[str, set[tuple[int, int]]] = {}
        for uav_id in ("0", "1", "2"):
            runtime_models["uav_id"] = uav_id
            runtime_models["uav_resource_model"] = _FakeUAVResource(
                by_uav_id={
                    uid: type("Role", (), {"current_role": "fire_tracker"})()
                    for uid in ("0", "1", "2")
                }
            )
            space = generator.generate(
                {"target_entity": uav_id, "triggers": ()},
                {},
                runtime_models,
                timestamp=1.0,
            )
            targets = {
                tuple(option.parameters.get("target_region"))
                for option in space.options
                if option.parameters.get("path_action", "").startswith("move_toward_fire")
                and option.parameters.get("target_region") is not None
            }
            fire_targets[uav_id] = targets
    
        assert fire_targets["0"]
        assert fire_targets["1"]
        assert fire_targets["2"]
        assert fire_targets["0"].isdisjoint(fire_targets["1"])
>       assert fire_targets["1"].isdisjoint(fire_targets["2"])
E       assert False
E        +  where False = <built-in method isdisjoint of set object at 0x00000227452A20A0>({(1, 5), (2, 5), (3, 5)})
E        +    where <built-in method isdisjoint of set object at 0x00000227452A20A0> = {(1, 5), (2, 5), (3, 5)}.isdisjoint

tests\test_uav_sector_assignment.py:198: AssertionError
_________ test_fire_tracker_still_overridden_by_search_mode_fail_safe _________

    def test_fire_tracker_still_overridden_by_search_mode_fail_safe() -> None:
        from src_extension.execution.decision_dispatcher import DecisionDispatcher
        from src_extension.planning.decision_objects import PathDecision
    
        agent = _FakeAgent(unique_id=0, pos=(5, 5), selected_dir=2)
        model = _dispatcher_model([agent], roles_by_id={"0": "fire_tracker"})
        dispatcher = DecisionDispatcher(model=model)
        planning_result = {
            "fail_safe_decision": _search_mode_fail_safe(),
            "path_decisions": [
                PathDecision(decision_id="path-0", uav_id="0", next_action="west"),
            ],
        }
    
        result = dispatcher.dispatch(planning_result, timestamp=1.0)
        uav_result = result["local"]["uav_results"]["0"]
    
        assert uav_result.get("override_exempt") is not True
        assert uav_result.get("role_preserving_search") is True
>       assert uav_result["action"] == "computed_from_fire_perimeter"
E       AssertionError: assert 'fire_flank_hold' == 'computed_from_fire_perimeter'
E         
E         - computed_from_fire_perimeter
E         + fire_flank_hold

tests\test_uav_sector_assignment.py:450: AssertionError
___________ test_north_vs_south_trajectories_diverge_over_40_steps ____________

    def test_north_vs_south_trajectories_diverge_over_40_steps() -> None:
        north = _run_wind_simulation("north", steps=40, seed=DEFAULT_SEED)
        south = _run_wind_simulation("south", steps=40, seed=DEFAULT_SEED)
    
        _assert_wind_aware_behavior(north)
        _assert_wind_aware_behavior(south)
>       _assert_trajectory_or_region_diverged(north, south)

tests\test_wind_aware_trajectory_regression.py:310: 
_ _ _ _ _ _ _ _ _ _ _ _ _ _ _ _ _ _ _ _ _ _ _ _ _ _ _ _ _ _ _ _ _ _ _ _ _ _ _ _
tests\test_wind_aware_trajectory_regression.py:291: in _assert_trajectory_or_region_diverged
    _assert_planning_targets_differ(a, b)
_ _ _ _ _ _ _ _ _ _ _ _ _ _ _ _ _ _ _ _ _ _ _ _ _ _ _ _ _ _ _ _ _ _ _ _ _ _ _ _

a = WindSimTrace(wind='north', positions=[(26, 26), (25, 26), (24, 26), (23, 26), (22, 26), (21, 26), (20, 26), (19, 26), ...e_retarget_to_interior'], final_target=(24.0, 45.0), model=<wildfire_model.WildFireModel object at 0x0000022747820C70>)
b = WindSimTrace(wind='south', positions=[(26, 24), (25, 24), (24, 24), (23, 24), (22, 24), (21, 24), (20, 24), (19, 24), ...ctim_search_escape_bfs'], final_target=(24.0, 45.0), model=<wildfire_model.WildFireModel object at 0x000002274565DCC0>)

    def _assert_planning_targets_differ(a: WindSimTrace, b: WindSimTrace) -> None:
        a_targets = set(a.wind_planning_targets)
        b_targets = set(b.wind_planning_targets)
        assert a_targets or b_targets, "expected wind planning targets during MAPE run"
        if a_targets and b_targets:
            assert a_targets != b_targets, (
                f"wind planning targets should differ: {a.wind}={a_targets} {b.wind}={b_targets}"
            )
        if a.final_target is not None and b.final_target is not None:
>           assert a.final_target != b.final_target
E           AssertionError: assert (24.0, 45.0) != (24.0, 45.0)
E            +  where (24.0, 45.0) = WindSimTrace(wind='north', positions=[(26, 26), (25, 26), (24, 26), (23, 26), (22, 26), (21, 26), (20, 26), (19, 26), (18, 26), (18, 25), (18, 24), (18, 23), (19, 23), (20, 23), (21, 23), (22, 23), (23, 23), (22, 23), (22, 24), (22, 25), (22, 26), (23, 26), (24, 26), (24, 27), (25, 27), (25, 28), (25, 29), (24, 29), (24, 30), (24, 31), (24, 32), (24, 33), (24, 34), (25, 34), (26, 34), (27, 34), (27, 33), (27, 32), (27, 31), (27, 30)], wind_aware_actions=20, victim_target_actions=0, wind_explanations=[{'decision': 'victim_search_wind_aware', 'source': 'executor', 'wind_direction': 'north', 'target': [26.0, 34.0], 'reason': 'prioritized safe downwind area because wind pushes fire/smoke toward that region', 'movement_category': 'searcher_coverage', 'movement_fine_category': 'searcher_coverage', 'movement_reason': 'searching region toward (26,34): highest uncovered-uncertainty', 'movement_factors': {'action': 'victim_search_wind_aware_retarget_to_interior', 'role': 'victim_searcher', 'coverage_target': (26.0, 34.0), 'force_coverage_escape': False, 'force_interior_retarget': False}}, {'decision': 'victim_search_wind_aware', 'source': 'planner', 'wind_direction': 'north', 'target': [2....m_search_escape_bfs', 'victim_search_escape_bfs', 'victim_search_escape_bfs', 'victim_search_wind_aware_retarget_to_interior', 'victim_search_wind_aware_retarget_to_interior', 'victim_search_wind_aware_retarget_to_interior', 'victim_search_wind_aware_retarget_to_interior', 'victim_search_wind_aware_retarget_to_interior', 'victim_search_wind_aware_sweep', 'victim_search_wind_aware', 'victim_search_wind_aware', 'victim_search_wind_aware', 'victim_search_wind_aware_retarget_to_interior', 'victim_search_wind_aware_retarget_to_interior', 'victim_search_wind_aware_sweep', 'victim_search_wind_aware', 'victim_search_wind_aware', 'victim_search_wind_aware', 'victim_search_wind_aware', 'victim_search_wind_aware', 'victim_search_wind_aware', 'victim_search_wind_aware', 'victim_search_wind_aware', 'victim_search_wind_aware', 'victim_search_escape_bfs', 'victim_search_escape_bfs', 'victim_search_escape_bfs', 'victim_search_wind_aware_retarget_to_interior', 'victim_search_wind_aware_retarget_to_interior', 'victim_search_wind_aware_retarget_to_interior', 'victim_search_wind_aware_retarget_to_interior'], final_target=(24.0, 45.0), model=<wildfire_model.WildFireModel object at 0x0000022747820C70>).final_target
E            +  and   (24.0, 45.0) = WindSimTrace(wind='south', positions=[(26, 24), (25, 24), (24, 24), (23, 24), (22, 24), (21, 24), (20, 24), (19, 24), (18, 24), (18, 23), (18, 22), (18, 21), (19, 21), (20, 21), (21, 21), (22, 21), (23, 21), (24, 21), (24, 22), (24, 23), (24, 24), (24, 25), (24, 26), (24, 27), (25, 27), (25, 28), (25, 29), (24, 29), (24, 30), (24, 31), (24, 32), (24, 33), (24, 34), (24, 35), (24, 34), (23, 34), (23, 33), (23, 32), (23, 31), (23, 30)], wind_aware_actions=20, victim_target_actions=0, wind_explanations=[{'decision': 'victim_search_wind_aware', 'source': 'executor', 'wind_direction': 'south', 'target': [26.0, 0.0], 'reason': 'prioritized safe downwind area because wind pushes fire/smoke toward that region', 'movement_category': 'searcher_coverage', 'movement_fine_category': 'searcher_coverage', 'movement_reason': 'searching region toward (26,0): highest uncovered-uncertainty', 'movement_factors': {'action': 'victim_search_wind_aware_retarget_to_interior', 'role': 'victim_searcher', 'coverage_target': (26.0, 0.0), 'force_coverage_escape': False, 'force_interior_retarget': False}}, {'decision': 'victim_search_wind_aware', 'source': 'planner', 'wind_direction': 'south', 'target': [2.0, ...aware', 'victim_search_wind_aware', 'victim_search_escape_bfs', 'victim_search_escape_bfs', 'victim_search_escape_bfs', 'victim_search_wind_aware_retarget_to_interior', 'victim_search_wind_aware_retarget_to_interior', 'victim_search_wind_aware_retarget_to_interior', 'victim_search_wind_aware_retarget_to_interior', 'victim_search_wind_aware_retarget_to_interior', 'victim_search_wind_aware_retarget_to_interior', 'victim_search_wind_aware_retarget_to_interior', 'victim_search_wind_aware_sweep', 'victim_search_wind_aware', 'victim_search_wind_aware', 'victim_search_wind_aware_retarget_to_interior', 'victim_search_wind_aware_sweep', 'victim_search_wind_aware', 'victim_search_wind_aware', 'victim_search_wind_aware', 'victim_search_wind_aware', 'victim_search_wind_aware', 'victim_search_wind_aware', 'victim_search_wind_aware', 'victim_search_wind_aware', 'victim_search_wind_aware', 'victim_search_wind_aware', 'victim_search_wind_aware_retarget_to_interior', 'victim_search_escape_bfs', 'victim_search_escape_bfs', 'victim_search_escape_bfs', 'victim_search_escape_bfs', 'victim_search_escape_bfs'], final_target=(24.0, 45.0), model=<wildfire_model.WildFireModel object at 0x000002274565DCC0>).final_target

tests\test_wind_aware_trajectory_regression.py:286: AssertionError
---------------------------- Captured stdout call -----------------------------
2
[Environment] wind_direction=north wind_vector=(0.0, 1.0) step=0
[Environment] wind_direction=north wind_vector=(0.0, 1.0) step=1
explain=wind_aware_search wind=north target=(26.0,34.0)
[Environment] wind_direction=north wind_vector=(0.0, 1.0) step=2
explain=wind_aware_search planner_source=local_adaptation_generator wind=north target=(2.0,44.0)
[Environment] wind_direction=north wind_vector=(0.0, 1.0) step=3
explain=wind_aware_search planner_source=local_adaptation_generator wind=north target=(2.0,44.0)
[Environment] wind_direction=east wind_vector=(1.0, 0.0) step=4
explain=wind_aware_search wind=east target=(41.0,45.0)
explain=wind_aware_search planner_source=local_adaptation_generator wind=east target=(41.0,26.0)
[Environment] wind_direction=east wind_vector=(1.0, 0.0) step=5
explain=wind_aware_search wind=east target=(41.0,45.0)
explain=wind_aware_search planner_source=local_adaptation_generator wind=east target=(41.0,45.0)
[Environment] wind_direction=east wind_vector=(1.0, 0.0) step=6
explain=wind_aware_search wind=east target=(41.0,45.0)
explain=wind_aware_search planner_source=local_adaptation_generator wind=east target=(41.0,45.0)
[Environment] wind_direction=west wind_vector=(-1.0, 0.0) step=7
explain=wind_aware_search wind=west target=(8.0,45.0)
explain=wind_aware_search planner_source=local_adaptation_generator wind=west target=(8.0,45.0)
[Environment] wind_direction=west wind_vector=(-1.0, 0.0) step=8
explain=wind_aware_search wind=west target=(8.0,45.0)
explain=wind_aware_search planner_source=local_adaptation_generator wind=west target=(8.0,45.0)
[Environment] wind_direction=west wind_vector=(-1.0, 0.0) step=9
explain=wind_aware_search wind=west target=(8.0,45.0)
explain=wind_aware_search planner_source=local_adaptation_generator wind=west target=(8.0,45.0)
[Environment] wind_direction=west wind_vector=(-1.0, 0.0) step=10
explain=wind_aware_search wind=west target=(24.0,45.0)
[UAV debug] step=10 failsafe_mode=information_recovery
  [FailSafeDecision] mission_mode=information_recovery search_mode_active=True action=activate_search_mode
  uav=2500 role=fire_tracker pos=(28, 18) sector={'x_min': 15, 'x_max': 45, 'y_min': 3, 'y_max': 25, 'split_axis': 'none', 'flank_index': 0, 'flank_count': 1} battery=97.0 dir=1 next_action=south option_id=explore_unknown_region_2500_10 target_position=(42.0, 2.0) fail_safe_override_active=True local_fail_safe_override_active=True exec_applied=True exec_action=fire_safe_standoff exec_selected_dir=1 stuck_count=0 before_pos=(28, 19) current_pos_key=2500
  uav=2501 role=victim_searcher pos=(18, 25) sector={'x_min': 0, 'x_max': 49, 'y_min': 0, 'y_max': 49} battery=97.0 dir=1 next_action=victim_search_wind_aware option_id=wind_aware_victim_search target_position=(8.0, 45.0) fail_safe_override_active=True local_fail_safe_override_active=True exec_applied=True exec_action=victim_search_escape_bfs exec_selected_dir=1 override_exempt=True override_exempt_reason=victim_searcher_role stuck_count=0 before_pos=(18, 26) current_pos_key=2501
[Environment] wind_direction=west wind_vector=(-1.0, 0.0) step=11
[Environment] wind_direction=west wind_vector=(-1.0, 0.0) step=12
[Environment] wind_direction=west wind_vector=(-1.0, 0.0) step=13
[Environment] wind_direction=west wind_vector=(-1.0, 0.0) step=14
[Environment] wind_direction=west wind_vector=(-1.0, 0.0) step=15
[Environment] wind_direction=west wind_vector=(-1.0, 0.0) step=16
[Environment] wind_direction=west wind_vector=(-1.0, 0.0) step=17
explain=wind_aware_search wind=west target=(24.0,45.0)
[Environment] wind_direction=west wind_vector=(-1.0, 0.0) step=18
[Environment] wind_direction=west wind_vector=(-1.0, 0.0) step=19
explain=wind_aware_search planner_source=local_adaptation_generator wind=west target=(38.0,45.0)
[Environment] wind_direction=west wind_vector=(-1.0, 0.0) step=20
explain=wind_aware_search planner_source=local_adaptation_generator wind=west target=(38.0,45.0)
[Monitoring] step=20 avg_norm_ig=0.7403 uncertain_cells=1935
[UAV debug] step=20 failsafe_mode=safety_first
  [FailSafeDecision] mission_mode=safety_first search_mode_active=False action=safe_hold
  uav=2500 role=fire_tracker pos=(30, 20) sector={'x_min': 9, 'x_max': 47, 'y_min': 0, 'y_max': 28, 'split_axis': 'none', 'flank_index': 0, 'flank_count': 1} battery=94.0 dir=3 next_action=south option_id=explore_unknown_region_2500_20 target_position=(42.0, 2.0) fail_safe_override_active=True local_fail_safe_override_active=True exec_applied=True exec_action=hold_escape exec_selected_dir=3 stuck_count=0 before_pos=(30, 19) current_pos_key=2500
  uav=2501 role=victim_searcher pos=(22, 25) sector={'x_min': 0, 'x_max': 49, 'y_min': 0, 'y_max': 49} battery=94.0 dir=3 next_action=victim_search_wind_aware option_id=wind_aware_victim_search target_position=(38.0, 45.0) fail_safe_override_active=True local_fail_safe_override_active=True exec_applied=True exec_action=victim_search_wind_aware exec_selected_dir=3 stuck_count=0 before_pos=(22, 24) current_pos_key=2501
[Environment] wind_direction=west wind_vector=(-1.0, 0.0) step=21
explain=wind_aware_search planner_source=local_adaptation_generator wind=west target=(38.0,45.0)
[Environment] wind_direction=west wind_vector=(-1.0, 0.0) step=22
[Environment] wind_direction=west wind_vector=(-1.0, 0.0) step=23
explain=wind_aware_search wind=west target=(24.0,45.0)
[Environment] wind_direction=west wind_vector=(-1.0, 0.0) step=24
[Environment] wind_direction=west wind_vector=(-1.0, 0.0) step=25
explain=wind_aware_search planner_source=local_adaptation_generator wind=west target=(8.0,45.0)
[KnowledgeManager] t=25.0 avg_conf=0.149 high_prob_cells=148
[Environment] wind_direction=west wind_vector=(-1.0, 0.0) step=26
explain=wind_aware_search planner_source=local_adaptation_generator wind=west target=(8.0,45.0)
[Environment] wind_direction=west wind_vector=(-1.0, 0.0) step=27
explain=wind_aware_search planner_source=local_adaptation_generator wind=west target=(8.0,45.0)
[Environment] wind_direction=west wind_vector=(-1.0, 0.0) step=28
explain=wind_aware_search planner_source=local_adaptation_generator wind=west target=(8.0,45.0)
[Environment] wind_direction=west wind_vector=(-1.0, 0.0) step=29
explain=wind_aware_search planner_source=local_adaptation_generator wind=west target=(8.0,45.0)
[Environment] wind_direction=west wind_vector=(-1.0, 0.0) step=30
explain=wind_aware_search planner_source=local_adaptation_generator wind=west target=(8.0,45.0)
[UAV debug] step=30 failsafe_mode=information_recovery
  [FailSafeDecision] mission_mode=information_recovery search_mode_active=True action=activate_search_mode
  uav=2500 role=fire_tracker pos=(30, 22) sector={'x_min': 3, 'x_max': 49, 'y_min': 0, 'y_max': 31, 'split_axis': 'none', 'flank_index': 0, 'flank_count': 1} battery=91.0 dir=3 next_action=south option_id=explore_unknown_region_2500_30 target_position=(42.0, 2.0) fail_safe_override_active=True local_fail_safe_override_active=True exec_applied=True exec_action=fire_flank_hold exec_selected_dir=3 stuck_count=0 before_pos=(30, 21) current_pos_key=2500
  uav=2501 role=victim_searcher pos=(24, 31) sector={'x_min': 0, 'x_max': 49, 'y_min': 0, 'y_max': 49} battery=91.0 dir=3 next_action=victim_search_wind_aware option_id=wind_aware_victim_search target_position=(8.0, 45.0) fail_safe_override_active=True local_fail_safe_override_active=True exec_applied=True exec_action=victim_search_wind_aware exec_selected_dir=3 override_exempt=True override_exempt_reason=victim_searcher_role stuck_count=0 before_pos=(24, 30) current_pos_key=2501
[Environment] wind_direction=west wind_vector=(-1.0, 0.0) step=31
explain=wind_aware_search planner_source=local_adaptation_generator wind=west target=(8.0,45.0)
[Environment] wind_direction=west wind_vector=(-1.0, 0.0) step=32
explain=wind_aware_search planner_source=local_adaptation_generator wind=west target=(8.0,45.0)
[Environment] wind_direction=west wind_vector=(-1.0, 0.0) step=33
explain=wind_aware_search planner_source=local_adaptation_generator wind=west target=(8.0,45.0)
[Environment] wind_direction=west wind_vector=(-1.0, 0.0) step=34
[Environment] wind_direction=west wind_vector=(-1.0, 0.0) step=35
[Environment] wind_direction=west wind_vector=(-1.0, 0.0) step=36
[Environment] wind_direction=west wind_vector=(-1.0, 0.0) step=37
[Environment] wind_direction=west wind_vector=(-1.0, 0.0) step=38
[Environment] wind_direction=west wind_vector=(-1.0, 0.0) step=39
[Environment] wind_direction=west wind_vector=(-1.0, 0.0) step=40
[Monitoring] step=40 avg_norm_ig=0.6657 uncertain_cells=1792
[UAV debug] step=40 failsafe_mode=information_recovery
  [FailSafeDecision] mission_mode=information_recovery search_mode_active=True action=activate_search_mode
  uav=2500 role=fire_tracker pos=(29, 25) sector={'x_min': 0, 'x_max': 49, 'y_min': 0, 'y_max': 34, 'split_axis': 'none', 'flank_index': 0, 'flank_count': 1} battery=88.0 dir=3 next_action=south option_id=explore_unknown_region_2500_40 target_position=(42.0, 2.0) fail_safe_override_active=True local_fail_safe_override_active=True exec_applied=True exec_action=fire_flank_hold exec_selected_dir=3 stuck_count=0 before_pos=(29, 24) current_pos_key=2500
  uav=2501 role=victim_searcher pos=(27, 30) sector={'x_min': 0, 'x_max': 49, 'y_min': 0, 'y_max': 49} battery=88.0 dir=1 next_action=victim_search_wind_aware option_id=wind_aware_victim_search target_position=(24.0, 45.0) fail_safe_override_active=True local_fail_safe_override_active=True exec_applied=True exec_action=victim_search_wind_aware_retarget_to_interior exec_selected_dir=1 override_exempt=True override_exempt_reason=victim_searcher_role stuck_count=0 before_pos=(27, 31) current_pos_key=2501
2
[Environment] wind_direction=south wind_vector=(0.0, -1.0) step=0
[Environment] wind_direction=south wind_vector=(0.0, -1.0) step=1
explain=wind_aware_search wind=south target=(26.0,0.0)
[Environment] wind_direction=south wind_vector=(0.0, -1.0) step=2
explain=wind_aware_search planner_source=local_adaptation_generator wind=south target=(2.0,5.0)
[Environment] wind_direction=south wind_vector=(0.0, -1.0) step=3
explain=wind_aware_search planner_source=local_adaptation_generator wind=south target=(2.0,5.0)
[Environment] wind_direction=east wind_vector=(1.0, 0.0) step=4
explain=wind_aware_search wind=east target=(41.0,45.0)
explain=wind_aware_search planner_source=local_adaptation_generator wind=east target=(41.0,26.0)
[Environment] wind_direction=east wind_vector=(1.0, 0.0) step=5
explain=wind_aware_search wind=east target=(41.0,45.0)
explain=wind_aware_search planner_source=local_adaptation_generator wind=east target=(41.0,45.0)
[Environment] wind_direction=east wind_vector=(1.0, 0.0) step=6
explain=wind_aware_search wind=east target=(41.0,45.0)
explain=wind_aware_search planner_source=local_adaptation_generator wind=east target=(41.0,45.0)
[Environment] wind_direction=west wind_vector=(-1.0, 0.0) step=7
explain=wind_aware_search wind=west target=(8.0,45.0)
explain=wind_aware_search planner_source=local_adaptation_generator wind=west target=(8.0,45.0)
[Environment] wind_direction=west wind_vector=(-1.0, 0.0) step=8
explain=wind_aware_search wind=west target=(8.0,45.0)
explain=wind_aware_search planner_source=local_adaptation_generator wind=west target=(8.0,45.0)
[Environment] wind_direction=west wind_vector=(-1.0, 0.0) step=9
explain=wind_aware_search wind=west target=(8.0,45.0)
explain=wind_aware_search planner_source=local_adaptation_generator wind=west target=(8.0,45.0)
[Environment] wind_direction=west wind_vector=(-1.0, 0.0) step=10
explain=wind_aware_search wind=west target=(24.0,45.0)
[UAV debug] step=10 failsafe_mode=information_recovery
  [FailSafeDecision] mission_mode=information_recovery search_mode_active=True action=activate_search_mode
  uav=2500 role=fire_tracker pos=(28, 18) sector={'x_min': 15, 'x_max': 45, 'y_min': 3, 'y_max': 25, 'split_axis': 'none', 'flank_index': 0, 'flank_count': 1} battery=97.0 dir=1 next_action=south option_id=explore_unknown_region_2500_10 target_position=(42.0, 2.0) fail_safe_override_active=True local_fail_safe_override_active=True exec_applied=True exec_action=fire_safe_standoff exec_selected_dir=1 stuck_count=0 before_pos=(28, 19) current_pos_key=2500
  uav=2501 role=victim_searcher pos=(18, 23) sector={'x_min': 0, 'x_max': 49, 'y_min': 0, 'y_max': 49} battery=97.0 dir=1 next_action=victim_search_wind_aware option_id=wind_aware_victim_search target_position=(8.0, 45.0) fail_safe_override_active=True local_fail_safe_override_active=True exec_applied=True exec_action=victim_search_escape_bfs exec_selected_dir=1 override_exempt=True override_exempt_reason=victim_searcher_role stuck_count=0 before_pos=(18, 24) current_pos_key=2501
[Environment] wind_direction=west wind_vector=(-1.0, 0.0) step=11
[Environment] wind_direction=west wind_vector=(-1.0, 0.0) step=12
[Environment] wind_direction=west wind_vector=(-1.0, 0.0) step=13
[Environment] wind_direction=west wind_vector=(-1.0, 0.0) step=14
[Environment] wind_direction=west wind_vector=(-1.0, 0.0) step=15
[Environment] wind_direction=west wind_vector=(-1.0, 0.0) step=16
[Environment] wind_direction=west wind_vector=(-1.0, 0.0) step=17
[Environment] wind_direction=west wind_vector=(-1.0, 0.0) step=18
[Environment] wind_direction=west wind_vector=(-1.0, 0.0) step=19
[Environment] wind_direction=west wind_vector=(-1.0, 0.0) step=20
[Monitoring] step=20 avg_norm_ig=0.7429 uncertain_cells=1959
[UAV debug] step=20 failsafe_mode=safety_first
  [FailSafeDecision] mission_mode=safety_first search_mode_active=False action=safe_hold
  uav=2500 role=fire_tracker pos=(30, 20) sector={'x_min': 9, 'x_max': 47, 'y_min': 0, 'y_max': 28, 'split_axis': 'none', 'flank_index': 0, 'flank_count': 1} battery=94.0 dir=3 next_action=south option_id=explore_unknown_region_2500_20 target_position=(42.0, 2.0) fail_safe_override_active=True local_fail_safe_override_active=True exec_applied=True exec_action=hold_escape exec_selected_dir=3 stuck_count=0 before_pos=(30, 19) current_pos_key=2500
  uav=2501 role=victim_searcher pos=(24, 23) sector={'x_min': 0, 'x_max': 49, 'y_min': 0, 'y_max': 49} battery=94.0 dir=3 next_action=victim_search_wind_aware option_id=wind_aware_victim_search target_position=(41.0, 45.0) fail_safe_override_active=True local_fail_safe_override_active=True exec_applied=True exec_action=victim_search_wind_aware_sweep exec_selected_dir=3 stuck_count=0 before_pos=(24, 22) current_pos_key=2501
[Environment] wind_direction=west wind_vector=(-1.0, 0.0) step=21
explain=wind_aware_search planner_source=local_adaptation_generator wind=west target=(38.0,45.0)
[Environment] wind_direction=west wind_vector=(-1.0, 0.0) step=22
explain=wind_aware_search planner_source=local_adaptation_generator wind=west target=(38.0,45.0)
[Environment] wind_direction=west wind_vector=(-1.0, 0.0) step=23
explain=wind_aware_search wind=west target=(24.0,45.0)
[Environment] wind_direction=west wind_vector=(-1.0, 0.0) step=24
[Environment] wind_direction=west wind_vector=(-1.0, 0.0) step=25
explain=wind_aware_search planner_source=local_adaptation_generator wind=west target=(8.0,45.0)
[KnowledgeManager] t=25.0 avg_conf=0.146 high_prob_cells=148
[Environment] wind_direction=west wind_vector=(-1.0, 0.0) step=26
explain=wind_aware_search planner_source=local_adaptation_generator wind=west target=(8.0,45.0)
[Environment] wind_direction=west wind_vector=(-1.0, 0.0) step=27
explain=wind_aware_search planner_source=local_adaptation_generator wind=west target=(8.0,45.0)
[Environment] wind_direction=west wind_vector=(-1.0, 0.0) step=28
explain=wind_aware_search planner_source=local_adaptation_generator wind=west target=(8.0,45.0)
[Environment] wind_direction=west wind_vector=(-1.0, 0.0) step=29
explain=wind_aware_search planner_source=local_adaptation_generator wind=west target=(8.0,45.0)
[Environment] wind_direction=west wind_vector=(-1.0, 0.0) step=30
explain=wind_aware_search planner_source=local_adaptation_generator wind=west target=(8.0,45.0)
[UAV debug] step=30 failsafe_mode=information_recovery
  [FailSafeDecision] mission_mode=information_recovery search_mode_active=True action=activate_search_mode
  uav=2500 role=fire_tracker pos=(30, 22) sector={'x_min': 3, 'x_max': 49, 'y_min': 0, 'y_max': 31, 'split_axis': 'none', 'flank_index': 0, 'flank_count': 1} battery=91.0 dir=3 next_action=south option_id=explore_unknown_region_2500_30 target_position=(42.0, 2.0) fail_safe_override_active=True local_fail_safe_override_active=True exec_applied=True exec_action=fire_flank_hold exec_selected_dir=3 stuck_count=0 before_pos=(30, 21) current_pos_key=2500
  uav=2501 role=victim_searcher pos=(24, 31) sector={'x_min': 0, 'x_max': 49, 'y_min': 0, 'y_max': 49} battery=91.0 dir=3 next_action=victim_search_wind_aware option_id=wind_aware_victim_search target_position=(8.0, 45.0) fail_safe_override_active=True local_fail_safe_override_active=True exec_applied=True exec_action=victim_search_wind_aware exec_selected_dir=3 override_exempt=True override_exempt_reason=victim_searcher_role stuck_count=0 before_pos=(24, 30) current_pos_key=2501
[Environment] wind_direction=west wind_vector=(-1.0, 0.0) step=31
explain=wind_aware_search planner_source=local_adaptation_generator wind=west target=(8.0,45.0)
[Environment] wind_direction=west wind_vector=(-1.0, 0.0) step=32
explain=wind_aware_search planner_source=local_adaptation_generator wind=west target=(8.0,45.0)
[Environment] wind_direction=west wind_vector=(-1.0, 0.0) step=33
explain=wind_aware_search planner_source=local_adaptation_generator wind=west target=(8.0,45.0)
[Environment] wind_direction=west wind_vector=(-1.0, 0.0) step=34
explain=wind_aware_search planner_source=local_adaptation_generator wind=west target=(8.0,45.0)
[Environment] wind_direction=west wind_vector=(-1.0, 0.0) step=35
[Environment] wind_direction=west wind_vector=(-1.0, 0.0) step=36
[Environment] wind_direction=west wind_vector=(-1.0, 0.0) step=37
[Environment] wind_direction=west wind_vector=(-1.0, 0.0) step=38
[Environment] wind_direction=west wind_vector=(-1.0, 0.0) step=39
[Environment] wind_direction=west wind_vector=(-1.0, 0.0) step=40
[Monitoring] step=40 avg_norm_ig=0.6666 uncertain_cells=1777
[UAV debug] step=40 failsafe_mode=safety_first
  [FailSafeDecision] mission_mode=safety_first search_mode_active=False action=safe_hold
  uav=2500 role=fire_tracker pos=(29, 25) sector={'x_min': 0, 'x_max': 49, 'y_min': 0, 'y_max': 34, 'split_axis': 'none', 'flank_index': 0, 'flank_count': 1} battery=88.0 dir=3 next_action=south option_id=explore_unknown_region_2500_40 target_position=(42.0, 2.0) fail_safe_override_active=True local_fail_safe_override_active=True exec_applied=True exec_action=hold exec_selected_dir=3 stuck_count=0 before_pos=(29, 24) current_pos_key=2500
  uav=2501 role=victim_searcher pos=(23, 30) sector={'x_min': 0, 'x_max': 49, 'y_min': 0, 'y_max': 49} battery=88.0 dir=1 next_action=victim_search_wind_aware option_id=wind_aware_victim_search target_position=(24.0, 45.0) fail_safe_override_active=True local_fail_safe_override_active=True exec_applied=True exec_action=victim_search_escape_bfs exec_selected_dir=1 stuck_count=0 before_pos=(23, 31) current_pos_key=2501
__________ test_victim_search_wind_aware_action_when_downwind_exists __________

    def test_victim_search_wind_aware_action_when_downwind_exists() -> None:
        model = _fresh_model()
        vs_id = _victim_searcher_id(model)
        executor = UAVExecutor(uav_id=vs_id, model=model)
        agent = _uav_agent(model, vs_id)
        model.environment_bridge.update_wind(
            "north",
            (0.0, 1.0),
            1.0,
            step=1,
            source="test",
        )
        executor._wind_aware_victim_search_target = lambda _a, _m=None: (30.0, 40.0)  # type: ignore[method-assign]
        executor._apply_final_direction_safety = (  # type: ignore[method-assign]
            lambda ag, d, action_label="": (int(d), str(action_label))
        )
        executor._choose_best_direction = lambda _a, t, **_: 0  # type: ignore[method-assign]
    
        from src_extension.planning.decision_objects import PathDecision
    
        decision = PathDecision(
            decision_id="p-wind",
            uav_id=vs_id,
            next_action="explore_unknown_region",
        )
        chosen, label = executor._resolve_direction_intent(
            agent, decision, "victim", "explore_unknown_region"
        )
>       assert label == "victim_search_wind_aware"
E       AssertionError: assert 'victim_searc...t_to_interior' == 'victim_search_wind_aware'
E         
E         - victim_search_wind_aware
E         + victim_search_wind_aware_retarget_to_interior

tests\test_wind_aware_victim_search.py:179: AssertionError
---------------------------- Captured stdout call -----------------------------
2
============================== warnings summary ===============================
tests\test_firefighter_fire_avoidance.py:205
  E:\Projects\SAS\tests\test_firefighter_fire_avoidance.py:205: PytestUnknownMarkWarning: Unknown pytest.mark.slow - is this a typo?  You can register custom marks to avoid this warning - for details, see https://docs.pytest.org/en/stable/how-to/mark.html
    @pytest.mark.slow

tests\test_unresolved_victim_coverage.py:282
  E:\Projects\SAS\tests\test_unresolved_victim_coverage.py:282: PytestUnknownMarkWarning: Unknown pytest.mark.slow - is this a typo?  You can register custom marks to avoid this warning - for details, see https://docs.pytest.org/en/stable/how-to/mark.html
    @pytest.mark.slow

tests\test_unresolved_victim_coverage.py:303
  E:\Projects\SAS\tests\test_unresolved_victim_coverage.py:303: PytestUnknownMarkWarning: Unknown pytest.mark.slow - is this a typo?  You can register custom marks to avoid this warning - for details, see https://docs.pytest.org/en/stable/how-to/mark.html
    @pytest.mark.slow

tests\test_unresolved_victim_coverage.py:312
  E:\Projects\SAS\tests\test_unresolved_victim_coverage.py:312: PytestUnknownMarkWarning: Unknown pytest.mark.slow - is this a typo?  You can register custom marks to avoid this warning - for details, see https://docs.pytest.org/en/stable/how-to/mark.html
    @pytest.mark.slow

tests\test_y_sweep_commit.py:106
  E:\Projects\SAS\tests\test_y_sweep_commit.py:106: PytestUnknownMarkWarning: Unknown pytest.mark.slow - is this a typo?  You can register custom marks to avoid this warning - for details, see https://docs.pytest.org/en/stable/how-to/mark.html
    @pytest.mark.slow

-- Docs: https://docs.pytest.org/en/stable/how-to/capture-warnings.html
=========================== short test summary info ===========================
FAILED tests/test_behavior_regression.py::test_descriptive_next_action_uses_target_position
FAILED tests/test_dashboard_panel.py::test_dashboard_panel_render_returns_string
FAILED tests/test_firefighter_dispatch_replacement.py::test_no_replacement_available_marks_victim_unreachable_once
FAILED tests/test_rescue_planner_authority.py::test_no_firefighter_planner_delay_or_unreachable
FAILED tests/test_uav_sector_assignment.py::test_fire_tracker_uavs_receive_different_target_sets
FAILED tests/test_uav_sector_assignment.py::test_fire_tracker_still_overridden_by_search_mode_fail_safe
FAILED tests/test_wind_aware_trajectory_regression.py::test_north_vs_south_trajectories_diverge_over_40_steps
FAILED tests/test_wind_aware_victim_search.py::test_victim_search_wind_aware_action_when_downwind_exists
=========== 8 failed, 427 passed, 5 warnings in 2958.80s (0:49:18) ============
EXIT=1
