<?xml version="1.0" encoding="utf-8"?><testsuites name="pytest tests"><testsuite name="pytest" errors="0" failures="8" skipped="0" tests="634" time="2885.447" timestamp="2026-09-20T12:48:22.651563+02:00" hostname="Amir"><testcase classname="tests.test_adaptation_integration" name="test_step_populates_adaptation_snapshot_without_execution_side_effects" time="20.799" /><testcase classname="tests.test_adaptation_manager" name="test_adaptation_manager_run_step_reports_pipeline_status_after_model_step" time="2.073" /><testcase classname="tests.test_adaptation_manager_cycle" name="test_run_cycle_calls_stages_in_correct_order" time="0.000" /><testcase classname="tests.test_adaptation_manager_cycle" name="test_post_move_phase_calls_expected_methods_in_order" time="0.000" /><testcase classname="tests.test_adaptation_manager_cycle" name="test_run_cycle_returns_analysis_planning_execution_summaries" time="0.000" /><testcase classname="tests.test_adaptation_manager_cycle" name="test_wildfire_model_step_uses_adaptation_manager_when_extension_pipeline_active" time="2.507" /><testcase classname="tests.test_adaptation_manager_cycle" name="test_wildfire_model_step_populates_latest_post_move_cycle_result" time="1.491" /><testcase classname="tests.test_adaptation_manager_cycle" name="test_rescue_incidents_and_communication_execution_appear_after_run_cycle" time="1.274" /><testcase classname="tests.test_adaptation_manager_cycle" name="test_communication_execution_from_pre_move_unaffected_by_post_move" time="2.218" /><testcase classname="tests.test_adaptation_manager_cycle" name="test_rescue_completion_and_casualty_handling_still_work_after_post_move_cycle" time="1.254" /><testcase classname="tests.test_adaptation_manager_cycle" name="test_fifty_step_simulation_still_runs" time="61.040" /><testcase classname="tests.test_adaptation_manager_cycle" name="test_run_cycle_rejects_unknown_phase" time="0.001" /><testcase classname="tests.test_adaptation_mission_goal_integration" name="test_local_generator_without_mission_goals_still_works" time="0.001" /><testcase classname="tests.test_adaptation_mission_goal_integration" name="test_local_generator_attaches_mission_goal_metadata" time="0.001" /><testcase classname="tests.test_adaptation_mission_goal_integration" name="test_prioritize_victim_search_boosts_wind_aware_option" time="0.002" /><testcase classname="tests.test_adaptation_mission_goal_integration" name="test_prioritize_fire_perimeter_tracking_marks_fire_front_metadata" time="0.001" /><testcase classname="tests.test_adaptation_mission_goal_integration" name="test_rescue_generator_attaches_mission_goal_metadata" time="0.000" /><testcase classname="tests.test_adaptation_mission_goal_integration" name="test_prioritize_rescue_completion_affects_rescue_assignment_metadata" time="0.000" /><testcase classname="tests.test_adaptation_mission_goal_integration" name="test_failsafe_emergency_marks_delay_and_cancel_metadata" time="0.000" /><testcase classname="tests.test_adaptation_mission_goal_integration" name="test_horizon_option_has_mission_goal_metadata" time="0.000" /><testcase classname="tests.test_adaptation_mission_goal_integration" name="test_movement_option_has_mission_goal_metadata" time="0.000" /><testcase classname="tests.test_adaptation_mission_goal_integration" name="test_stability_option_has_mission_goal_metadata" time="0.000" /><testcase classname="tests.test_adaptation_mission_goal_integration" name="test_communication_option_has_mission_goal_metadata" time="0.000" /><testcase classname="tests.test_adaptation_mission_goal_integration" name="test_survivability_priority_boosts_safe_movement_confidence" time="0.000" /><testcase classname="tests.test_adaptation_mission_goal_integration" name="test_full_generate_attaches_metadata_to_all_option_families" time="0.001" /><testcase classname="tests.test_adaptation_mission_goal_integration" name="test_rescue_legacy_behavior_without_mission_goals" time="0.000" /><testcase classname="tests.test_adaptation_trigger_normalization" name="test_failsafe_generator_accepts_trigger_batch" time="0.000" /><testcase classname="tests.test_adaptation_trigger_normalization" name="test_global_generator_accepts_legacy_all_triggers" time="0.000" /><testcase classname="tests.test_adaptation_trigger_normalization" name="test_search_mode_required_produces_information_recovery_options" time="0.000" /><testcase classname="tests.test_adaptation_trigger_normalization" name="test_information_insufficient_produces_search_mode_mission_options" time="0.000" /><testcase classname="tests.test_adaptation_trigger_normalization" name="test_critical_battery_creates_failsafe_uav_options" time="0.000" /><testcase classname="tests.test_adaptation_trigger_normalization" name="test_low_confidence_information_trigger_ignored_in_failsafe_metadata" time="0.000" /><testcase classname="tests.test_adaptation_trigger_normalization" name="test_local_generator_accepts_trigger_batch_for_search_mode" time="0.000" /><testcase classname="tests.test_adaptation_trigger_normalization" name="test_legacy_triggers_field_still_works_for_global_generator" time="0.000" /><testcase classname="tests.test_analysis_integration" name="test_step_populates_analysis_snapshot_without_role_task_side_effects" time="21.293" /><testcase classname="tests.test_base_station" name="test_base_station_mode_reads_the_module_at_call_time" time="0.000" /><testcase classname="tests.test_base_station" name="test_return_reserve_reads_the_module_at_call_time" time="0.000" /><testcase classname="tests.test_base_station" name="test_accessors_survive_junk_values" time="0.001" /><testcase classname="tests.test_base_station" name="test_mode_is_clamped_to_the_ladder" time="0.000" /><testcase classname="tests.test_base_station" name="test_unknown_corner_falls_back_to_nw" time="0.000" /><testcase classname="tests.test_base_station" name="test_shipped_defaults" time="0.000" /><testcase classname="tests.test_base_station" name="test_kill_switch_builds_no_depot" time="0.000" /><testcase classname="tests.test_base_station" name="test_default_corner_is_north_west" time="0.000" /><testcase classname="tests.test_base_station" name="test_every_corner_stays_on_the_grid" time="0.000" /><testcase classname="tests.test_base_station" name="test_berths_are_distinct_and_never_collide" time="0.000" /><testcase classname="tests.test_base_station" name="test_berths_are_ranked_by_distance_from_the_edge" time="0.000" /><testcase classname="tests.test_base_station" name="test_footprint_overflow_raises_rather_than_stacking" time="0.000" /><testcase classname="tests.test_base_station" name="test_contains_matches_the_footprint" time="0.000" /><testcase classname="tests.test_base_station" name="test_battery_still_only_drains_when_not_docked" time="0.000" /><testcase classname="tests.test_base_station" name="test_docked_uav_recharges_at_the_net_rate" time="0.000" /><testcase classname="tests.test_base_station" name="test_recharge_is_clamped_at_full" time="0.000" /><testcase classname="tests.test_base_station" name="test_mode_two_parks_without_recharging" time="0.000" /><testcase classname="tests.test_base_station" name="test_trigger_takes_the_max_of_reserve_and_distance" time="0.000" /><testcase classname="tests.test_base_station" name="test_reserve_covers_the_worst_case_return" time="0.019" /><testcase classname="tests.test_base_station" name="test_steering_picks_the_larger_residual_axis" time="0.000" /><testcase classname="tests.test_base_station" name="test_steering_sidesteps_a_stall" time="0.000" /><testcase classname="tests.test_base_station" name="test_depot_colour_is_distinct_from_every_ground_colour" time="0.000" /><testcase classname="tests.test_base_station" name="test_dashboard_publishes_the_depot_and_the_uav_base_state" time="0.000" /><testcase classname="tests.test_base_station" name="test_depot_mask_zero_is_the_single_corner_unchanged" time="0.000" /><testcase classname="tests.test_base_station" name="test_depot_mask_builds_depots_in_ascending_bit_order" time="0.000" /><testcase classname="tests.test_base_station" name="test_central_depot_contains_the_pre_feature_spawn_cluster" time="0.000" /><testcase classname="tests.test_base_station" name="test_every_uav_owns_a_distinct_berth_in_every_depot" time="0.000" /><testcase classname="tests.test_base_station" name="test_berth_ranking_is_per_depot_not_over_the_union" time="0.000" /><testcase classname="tests.test_base_station" name="test_overlapping_depots_raise_rather_than_duplicating_a_berth" time="0.001" /><testcase classname="tests.test_base_station" name="test_capacity_is_checked_per_depot" time="0.000" /><testcase classname="tests.test_base_station" name="test_contains_is_scoped_when_a_depot_index_is_given" time="0.000" /><testcase classname="tests.test_base_station" name="test_depot_mask_raises_on_an_unrecognised_value" time="0.000" /><testcase classname="tests.test_base_station" name="test_nearest_berth_selection_and_tie_break" time="0.000" /><testcase classname="tests.test_base_station" name="test_single_depot_selection_is_the_shipped_berth" time="0.000" /><testcase classname="tests.test_base_station" name="test_role_index_map_matches_the_measured_runs" time="0.000" /><testcase classname="tests.test_base_station" name="test_partition_nearest_split_flips_with_the_wind" time="0.000" /><testcase classname="tests.test_base_station" name="test_spawn_split_zero_and_one_are_what_they_say" time="0.000" /><testcase classname="tests.test_base_station" name="test_return_target_is_latched_for_the_whole_trip" time="0.000" /><testcase classname="tests.test_base_station" name="test_distance_regime_margin_is_the_derived_one" time="0.000" /><testcase classname="tests.test_base_station" name="test_stall_sidestep_cannot_fire_on_a_pure_axis_approach" time="0.000" /><testcase classname="tests.test_base_station" name="test_the_pure_axis_hole_is_symmetric" time="0.000" /><testcase classname="tests.test_base_station" name="test_explicit_stalled_argument_does_not_disturb_the_default" time="0.000" /><testcase classname="tests.test_base_station" name="test_recovery_reaches_the_berth_in_the_recorded_mode_two_deadlock" time="0.000" /><testcase classname="tests.test_base_station" name="test_head_behaviour_is_a_permanent_freeze_with_the_switch_off" time="0.000" /><testcase classname="tests.test_base_station" name="test_the_recovery_cannot_livelock" time="0.000" /><testcase classname="tests.test_base_station" name="test_the_recovery_is_sticky_not_stall_gated" time="0.000" /><testcase classname="tests.test_base_station" name="test_recovery_is_inert_inside_the_depot" time="0.000" /><testcase classname="tests.test_base_station" name="test_recovery_is_inert_without_a_grid" time="0.000" /><testcase classname="tests.test_base_station" name="test_a_one_step_transit_never_re_assigns_a_berth" time="0.000" /><testcase classname="tests.test_base_station" name="test_the_old_trigger_still_docks_with_the_switch_off" time="0.000" /><testcase classname="tests.test_base_station" name="test_the_stall_witness_counts_and_resets" time="0.000" /><testcase classname="tests.test_base_station" name="test_the_terminator_never_docks_outside_the_depot" time="0.000" /><testcase classname="tests.test_base_station" name="test_recharge_still_has_no_positional_test" time="0.003" /><testcase classname="tests.test_base_station" name="test_waypoint_publishes_the_latched_berth" time="0.000" /><testcase classname="tests.test_base_station" name="test_waypoint_fix_is_inert_with_one_depot" time="0.000" /><testcase classname="tests.test_base_station" name="test_waypoint_fix_switch_reads_the_module_at_call_time" time="0.000" /><testcase classname="tests.test_base_station" name="test_dock_fix_accessors_read_the_module_at_call_time" time="0.000" /><testcase classname="tests.test_base_station" name="test_dock_fix_accessors_survive_junk_and_clamp" time="0.000" /><testcase classname="tests.test_base_station" name="test_dock_fix_shipped_defaults" time="0.000" /><testcase classname="tests.test_behavior_regression" name="test_execution_selected_dir_not_overwritten_before_move" time="20.872" /><testcase classname="tests.test_behavior_regression" name="test_left_boundary_avoids_west_direction" time="0.001" /><testcase classname="tests.test_behavior_regression" name="test_avoids_high_fire_neighbor_when_safer_exists" time="0.000" /><testcase classname="tests.test_behavior_regression" name="test_avoids_smoke_obscured_neighbor_when_safer_exists" time="0.000" /><testcase classname="tests.test_behavior_regression" name="test_victim_searcher_prefers_victim_target_over_fire" time="0.001" /><testcase classname="tests.test_behavior_regression" name="test_exploration_fallback_avoids_repeated_failed_direction" time="0.000" /><testcase classname="tests.test_behavior_regression" name="test_wind_does_not_overwrite_selected_dir" time="0.000" /><testcase classname="tests.test_behavior_regression" name="test_descriptive_next_action_uses_target_position" time="0.001"><failure message="AssertionError: assert 'fire_flank_standoff' == 'computed_from_target'&#10;  &#10;  - computed_from_target&#10;  + fire_flank_standoff">def test_descriptive_next_action_uses_target_position() -&gt; None:
        executor, agent, _ = _executor_at((2, 5))
        decision = PathDecision(
            decision_id="p-5",
            uav_id="0",
            next_action="move_toward_fire_front",
            uncertainty_context={"target_position": (7.0, 5.0)},
        )
        result = executor.execute(decision, timestamp=1.0)
&gt;       assert result["action"] == "computed_from_target"
E       AssertionError: assert 'fire_flank_standoff' == 'computed_from_target'
E         
E         - computed_from_target
E         + fire_flank_standoff

tests\test_behavior_regression.py:232: AssertionError</failure></testcase><testcase classname="tests.test_behavior_regression" name="test_local_path_options_include_target_position_for_fire_and_victim" time="0.001" /><testcase classname="tests.test_behavior_regression" name="test_planner_converts_descriptive_action_to_cardinal" time="0.000" /><testcase classname="tests.test_communication_adaptation_integration" name="test_degraded_comm_snapshot_creates_adaptation_option" time="0.001" /><testcase classname="tests.test_communication_adaptation_integration" name="test_communication_executor_updates_model_mode" time="0.000" /><testcase classname="tests.test_communication_adaptation_integration" name="test_dispatcher_applies_selected_communication_decision" time="0.000" /><testcase classname="tests.test_communication_adaptation_integration" name="test_pending_global_commands_are_consumed_after_execution" time="0.000" /><testcase classname="tests.test_communication_adaptation_integration" name="test_rescue_active_selects_rescue_priority_mode" time="0.000" /><testcase classname="tests.test_communication_adaptation_integration" name="test_fail_safe_mode_selects_fail_safe_priority_mode" time="0.000" /><testcase classname="tests.test_communication_adaptation_integration" name="test_wildfire_model_step_with_communication_adaptation_active" time="1.373" /><testcase classname="tests.test_communication_adaptation_integration" name="test_wildfire_model_communication_decision_reaches_executor" time="0.014" /><testcase classname="tests.test_communication_adaptation_planner" name="test_planner_selects_fail_safe_priority_over_rescue_priority" time="0.000" /><testcase classname="tests.test_communication_adaptation_planner" name="test_planner_selects_rescue_priority_over_degraded_communication" time="0.000" /><testcase classname="tests.test_communication_adaptation_planner" name="test_planner_selects_relay_support_when_relay_needed" time="0.000" /><testcase classname="tests.test_communication_adaptation_planner" name="test_planner_selects_normal_when_no_higher_priority_option_exists" time="0.000" /><testcase classname="tests.test_communication_adaptation_planner" name="test_planning_coordinator_includes_communication_decision" time="0.000" /><testcase classname="tests.test_communication_adaptation_planner" name="test_wildfire_model_planning_result_includes_planner_communication_decision" time="0.009" /><testcase classname="tests.test_communication_adaptation_planner" name="test_dispatcher_executes_planner_communication_decision" time="0.000" /><testcase classname="tests.test_dashboard_base_marker" name="test_old_base_text_label_is_gone" time="0.000" /><testcase classname="tests.test_dashboard_base_marker" name="test_banner_block_is_inside_drawmap_in_its_z_order_slot" time="0.000" /><testcase classname="tests.test_dashboard_base_marker" name="test_base_legend_chip_is_three_tone_and_in_both_branches" time="0.000" /><testcase classname="tests.test_dashboard_explanations_export" name="test_option_comparison_parses_real_scores" time="0.000" /><testcase classname="tests.test_dashboard_explanations_export" name="test_explanation_engine_creates_option_comparison_when_data_available" time="0.063" /><testcase classname="tests.test_dashboard_explanations_export" name="test_explanation_engine_handles_missing_alternatives_gracefully" time="0.009" /><testcase classname="tests.test_dashboard_explanations_export" name="test_explanation_engine_creates_uncertainty_explanation_for_information_recovery" time="0.011" /><testcase classname="tests.test_dashboard_explanations_export" name="test_explanation_engine_creates_rescue_assignment_explanation" time="0.010" /><testcase classname="tests.test_dashboard_explanations_export" name="test_explanation_engine_skips_firefighter_safety_explanation_when_unavailable" time="20.447" /><testcase classname="tests.test_dashboard_explanations_export" name="test_dashboard_exporter_writes_json_files" time="0.023" /><testcase classname="tests.test_dashboard_explanations_export" name="test_exported_dashboard_json_is_valid_and_serializable" time="22.282" /><testcase classname="tests.test_dashboard_explanations_export" name="test_export_does_not_mutate_model" time="20.818" /><testcase classname="tests.test_dashboard_panel" name="test_dashboard_panel_render_returns_string" time="22.062"><failure message="assert 'Step' in '&lt;div style=&quot;font-family:\'Segoe UI\',system-ui,sans-serif;color:#d8dee6;background:#0f1419;padding:14px 16px;border-r...dot; Fail-safe mode information_recovery requires fail-safe communication priority&lt;/span&gt;&lt;/span&gt;&lt;/li&gt;&lt;/ul&gt;&lt;/div&gt;&lt;/div&gt;'">def test_dashboard_panel_render_returns_string() -&gt; None:
        model = _scenario_a_model()
        for _ in range(5):
            model.step()
        html = DashboardPanel().render(model)
        assert isinstance(html, str)
        assert html
&gt;       assert "Step" in html
E       assert 'Step' in '&lt;div style="font-family:\'Segoe UI\',system-ui,sans-serif;color:#d8dee6;background:#0f1419;padding:14px 16px;border-r...dot; Fail-safe mode information_recovery requires fail-safe communication priority&lt;/span&gt;&lt;/span&gt;&lt;/li&gt;&lt;/ul&gt;&lt;/div&gt;&lt;/div&gt;'

tests\test_dashboard_panel.py:60: AssertionError</failure></testcase><testcase classname="tests.test_dashboard_panel" name="test_dashboard_panel_render_is_read_only" time="65.598" /><testcase classname="tests.test_dashboard_panel" name="test_dashboard_panel_render_never_raises" time="0.013" /><testcase classname="tests.test_dashboard_panel" name="test_dashboard_panel_render_on_model_without_get_dashboard_state" time="0.000" /><testcase classname="tests.test_dashboard_state" name="test_dashboard_state_builder_returns_serializable_dict" time="0.010" /><testcase classname="tests.test_dashboard_state" name="test_dashboard_state_contains_mission_uav_victim_firefighter_views" time="0.010" /><testcase classname="tests.test_dashboard_state" name="test_dashboard_state_contains_fire_wind_and_burnt_summary" time="21.819" /><testcase classname="tests.test_dashboard_state" name="test_dashboard_wind_vector_matches_direction" time="0.000" /><testcase classname="tests.test_dashboard_state" name="test_dashboard_wind_fix_does_not_change_trajectory" time="51.270" /><testcase classname="tests.test_dashboard_state" name="test_alert_manager_generates_victim_and_firefighter_alerts" time="0.009" /><testcase classname="tests.test_dashboard_state" name="test_alert_manager_assigns_correct_severity" time="0.008" /><testcase classname="tests.test_dashboard_state" name="test_alert_manager_deduplicates_alerts" time="0.008" /><testcase classname="tests.test_dashboard_state" name="test_alert_manager_generates_critical_victim_and_firefighter_alerts" time="0.067" /><testcase classname="tests.test_dashboard_state" name="test_alert_manager_is_read_only" time="10.621" /><testcase classname="tests.test_dashboard_state" name="test_timeline_contains_rescue_and_casualty_events" time="0.011" /><testcase classname="tests.test_dashboard_state" name="test_timeline_is_ordered_by_step" time="0.079" /><testcase classname="tests.test_dashboard_state" name="test_dashboard_state_contains_alert_counts" time="0.012" /><testcase classname="tests.test_dashboard_state" name="test_explanation_engine_collects_uav_and_rescue_explanations" time="0.010" /><testcase classname="tests.test_dashboard_state" name="test_dashboard_state_builder_is_read_only" time="20.812" /><testcase classname="tests.test_dashboard_state" name="test_operator_override_stub_does_not_mutate_model" time="0.010" /><testcase classname="tests.test_dashboard_state" name="test_wildfire_model_get_dashboard_state_after_50_steps" time="57.172" /><testcase classname="tests.test_dead_victim_rescue_recall" name="test_dead_victim_cannot_be_rescued" time="0.009" /><testcase classname="tests.test_dead_victim_rescue_recall" name="test_firefighter_recalled_when_assigned_victim_dies" time="0.008" /><testcase classname="tests.test_dead_victim_rescue_recall" name="test_no_rescue_complete_event_after_victim_dead" time="0.008" /><testcase classname="tests.test_dispatcher_rescue_comm" name="test_rescue_executor_confirms_victim" time="0.000" /><testcase classname="tests.test_dispatcher_rescue_comm" name="test_rescue_executor_assigns_on_dispatch" time="0.000" /><testcase classname="tests.test_dispatcher_rescue_comm" name="test_communication_executor_updates_model_and_returns_status" time="0.000" /><testcase classname="tests.test_dispatcher_rescue_comm" name="test_decision_dispatcher_returns_all_sections" time="0.000" /><testcase classname="tests.test_dispatcher_rescue_comm" name="test_dispatcher_does_not_move_agent_or_change_position" time="0.000" /><testcase classname="tests.test_execution_core" name="test_execution_result_and_execution_log" time="0.000" /><testcase classname="tests.test_execution_core" name="test_global_executor_applies_role_assignment" time="0.000" /><testcase classname="tests.test_execution_core" name="test_global_executor_updates_mission_mode" time="0.000" /><testcase classname="tests.test_execution_core" name="test_global_executor_returns_applied_for_real_decision" time="0.000" /><testcase classname="tests.test_execution_core" name="test_global_executor_does_not_modify_uav_position" time="0.000" /><testcase classname="tests.test_execution_drives_movement" name="test_pending_execution_preserves_selected_dir_and_syncs_new_direction" time="0.008" /><testcase classname="tests.test_execution_drives_movement" name="test_no_pending_execution_uses_random_baseline_and_set_drone_dirs" time="0.071" /><testcase classname="tests.test_execution_integration" name="test_step_populates_execution_artifacts_and_feedback" time="23.832" /><testcase classname="tests.test_executor_routing_and_burnt" name="test_retarget_routes_around_smoke" time="0.003" /><testcase classname="tests.test_executor_routing_and_burnt" name="test_bfs_escape_reaches_far_target" time="0.003" /><testcase classname="tests.test_executor_routing_and_burnt" name="test_bfs_depth_30_fails_but_100_succeeds" time="0.004" /><testcase classname="tests.test_executor_routing_and_burnt" name="test_forced_progress_uses_deep_bfs_for_far_target" time="0.003" /><testcase classname="tests.test_executor_routing_and_burnt" name="test_fire_cell_becomes_burnt_when_fuel_depleted" time="0.000" /><testcase classname="tests.test_executor_routing_and_burnt" name="test_burnt_cell_never_reignites" time="0.000" /><testcase classname="tests.test_executor_routing_and_burnt" name="test_burnt_cell_portrayal_is_not_green" time="0.000" /><testcase classname="tests.test_executor_routing_and_burnt" name="test_burned_cell_renders_dark_not_green_when_fire_stops" time="0.000" /><testcase classname="tests.test_executor_routing_and_burnt" name="test_has_burned_cell_with_fuel_may_reignite" time="0.001" /><testcase classname="tests.test_executor_routing_and_burnt" name="test_cell_becomes_burnt_only_when_fuel_depleted" time="0.000" /><testcase classname="tests.test_executor_routing_and_burnt" name="test_has_burned_cell_may_stop_burning_before_fuel_depleted" time="0.000" /><testcase classname="tests.test_executor_routing_and_burnt" name="test_fire_self_limits_does_not_burn_whole_map" time="143.846" /><testcase classname="tests.test_failsafe_core" name="test_failsafe_state_serializes_to_dict" time="0.000" /><testcase classname="tests.test_failsafe_core" name="test_normalize_mode_and_reason_handle_strings_safely" time="0.000" /><testcase classname="tests.test_failsafe_core" name="test_safety_checker_detects_information_insufficient_from_trigger" time="0.000" /><testcase classname="tests.test_failsafe_core" name="test_safety_checker_classifies_search_mode_required_as_information_recovery" time="0.000" /><testcase classname="tests.test_failsafe_core" name="test_safety_checker_classifies_collision_and_battery_modes" time="0.000" /><testcase classname="tests.test_failsafe_core" name="test_should_override_utility_for_emergency_and_information_recovery" time="0.000" /><testcase classname="tests.test_failsafe_integration" name="test_search_mode_active_with_normal_mission_mode_does_not_override" time="0.000" /><testcase classname="tests.test_failsafe_integration" name="test_search_mode_active_with_empty_mission_mode_does_not_override" time="0.000" /><testcase classname="tests.test_failsafe_integration" name="test_search_mode_active_with_information_recovery_mission_mode_overrides" time="0.000" /><testcase classname="tests.test_failsafe_integration" name="test_normal_mission_mode_ignores_stale_uncertainty_context_mode" time="0.000" /><testcase classname="tests.test_failsafe_integration" name="test_normal_fail_safe_does_not_activate_override" time="0.000" /><testcase classname="tests.test_failsafe_integration" name="test_normal_fail_safe_applies_local_path_execution" time="0.000" /><testcase classname="tests.test_failsafe_integration" name="test_normal_execution_passes_none_fail_safe_to_uav_executor" time="0.001" /><testcase classname="tests.test_failsafe_integration" name="test_search_mode_forwards_fail_safe_decision_to_uav_executor" time="0.000" /><testcase classname="tests.test_failsafe_integration" name="test_emergency_fail_safe_still_activates_override" time="0.000" /><testcase classname="tests.test_failsafe_integration" name="test_emergency_mode_still_forwards_fail_safe_when_applicable" time="0.000" /><testcase classname="tests.test_failsafe_integration" name="test_dispatcher_marks_fail_safe_override_active_for_search_mode" time="0.000" /><testcase classname="tests.test_failsafe_integration" name="test_search_mode_fail_safe_steers_selected_dir_via_uav_executor" time="0.000" /><testcase classname="tests.test_failsafe_integration" name="test_safe_hold_converts_local_path_to_hold" time="0.000" /><testcase classname="tests.test_failsafe_integration" name="test_uav_executor_search_mode_receives_fail_safe_decision" time="0.000" /><testcase classname="tests.test_failsafe_integration" name="test_wildfire_model_stores_failsafe_state_and_dashboard_summary" time="0.012" /><testcase classname="tests.test_failsafe_integration" name="test_execution_does_not_mutate_agent_pos" time="21.285" /><testcase classname="tests.test_failsafe_planner_mode" name="test_fail_safe_planner_information_recovery_under_search_mode_required" time="0.001" /><testcase classname="tests.test_failsafe_planner_mode" name="test_fail_safe_planner_emergency_prefers_safe_hold_or_return_to_base" time="0.001" /><testcase classname="tests.test_failsafe_planner_mode" name="test_mode_manager_enters_information_recovery_from_search_mode_required" time="0.000" /><testcase classname="tests.test_failsafe_planner_mode" name="test_mode_manager_returns_to_normal_after_recovery" time="0.000" /><testcase classname="tests.test_failsafe_planner_mode" name="test_fallback_strategy_library_returns_predefined_strategies[normal-expected_actions0]" time="0.000" /><testcase classname="tests.test_failsafe_planner_mode" name="test_fallback_strategy_library_returns_predefined_strategies[degraded-expected_actions1]" time="0.000" /><testcase classname="tests.test_failsafe_planner_mode" name="test_fallback_strategy_library_returns_predefined_strategies[safety_first-expected_actions2]" time="0.000" /><testcase classname="tests.test_failsafe_planner_mode" name="test_fallback_strategy_library_returns_predefined_strategies[emergency-expected_actions3]" time="0.000" /><testcase classname="tests.test_failsafe_planner_mode" name="test_fallback_strategy_library_returns_predefined_strategies[information_recovery-expected_actions4]" time="0.000" /><testcase classname="tests.test_firefighter_dispatch_replacement" name="test_closest_firefighter_selected_on_dispatch" time="0.012" /><testcase classname="tests.test_firefighter_dispatch_replacement" name="test_route_blocked_triggers_replacement_firefighter" time="0.013" /><testcase classname="tests.test_firefighter_dispatch_replacement" name="test_firefighter_casualty_triggers_replacement" time="0.081" /><testcase classname="tests.test_firefighter_dispatch_replacement" name="test_no_replacement_available_marks_victim_unreachable_once" time="0.010"><failure message="AssertionError: assert False is True&#10; +  where False = VictimState(victim_id='victim_0', status='assigned', last_known_position=(40.0, 25.0), rescue_assigned=True, firefighter_id='ff_unit_2', confirmed=True, confidence=0.65, needs_confirmation=True, attributes={}).unreachable">def test_no_replacement_available_marks_victim_unreachable_once() -&gt; None:
        model = _fresh_model()
        _reset_firefighters(model)
        marker = _prepare_victim_for_dispatch(model)
        _place(model, _ff(model, FF_FAR), FF_FAR_CELL)
        near = _ff(model, FF_NEAR)
        _place(model, near, FF_NEAR_CELL)
        near.dead = True
        near.status = "dead"
    
        _assign_ff_to_victim(model, FF_FAR, marker, FF_FAR_CELL)
        ff0 = _ff(model, FF_FAR)
        ff0.dead = True
        ff0.assigned = False
        ff0.target_pos = None
        ff0.rescued_victim = None
        ff0.status = "dead"
    
        model._try_replacement_after_firefighter_casualty(marker)
        model._try_replacement_after_firefighter_casualty(marker)
    
        state = model.managed_victims[VICTIM_ID]
&gt;       assert state.unreachable is True
E       AssertionError: assert False is True
E        +  where False = VictimState(victim_id='victim_0', status='assigned', last_known_position=(40.0, 25.0), rescue_assigned=True, firefighter_id='ff_unit_2', confirmed=True, confidence=0.65, needs_confirmation=True, attributes={}).unreachable

tests\test_firefighter_dispatch_replacement.py:206: AssertionError</failure></testcase><testcase classname="tests.test_firefighter_dispatch_replacement" name="test_check_fire_casualties_replaces_dead_assigned_firefighter" time="0.011" /><testcase classname="tests.test_firefighter_dispatch_replacement" name="test_route_blocked_without_replacement_keeps_victim_pending_not_unreachable" time="0.010" /><testcase classname="tests.test_firefighter_fire_avoidance" name="test_firefighter_detours_around_active_fire_toward_goal" time="0.000" /><testcase classname="tests.test_firefighter_fire_avoidance" name="test_firefighter_prefers_non_adjacent_fire_cell_when_available" time="0.000" /><testcase classname="tests.test_firefighter_fire_avoidance" name="test_firefighter_can_take_lateral_detour_without_abandoning_rescue" time="0.000" /><testcase classname="tests.test_firefighter_fire_avoidance" name="test_firefighter_holds_only_when_surrounded_by_active_fire" time="0.000" /><testcase classname="tests.test_firefighter_fire_avoidance" name="test_firefighter_exit_with_victim_uses_same_fire_avoidance" time="0.000" /><testcase classname="tests.test_firefighter_fire_avoidance" name="test_idle_firefighter_flees_approaching_fire_front" time="0.000" /><testcase classname="tests.test_firefighter_fire_avoidance" name="test_idle_firefighter_stays_put_when_safe" time="0.000" /><testcase classname="tests.test_firefighter_fire_avoidance" name="test_scenario_a_east_seed42_firefighter_survival_validation" time="223.663" /><testcase classname="tests.test_firefighter_fire_mechanic" name="test_every_switch_ships_off_and_every_fallback_is_off" time="0.000" /><testcase classname="tests.test_firefighter_fire_mechanic" name="test_mission_gate_ships_on_and_falls_back_on" time="0.000" /><testcase classname="tests.test_firefighter_fire_mechanic" name="test_retreat_range_only_one_and_two_suppress[1-1]" time="0.000" /><testcase classname="tests.test_firefighter_fire_mechanic" name="test_retreat_range_only_one_and_two_suppress[2-2]" time="0.000" /><testcase classname="tests.test_firefighter_fire_mechanic" name="test_retreat_range_only_one_and_two_suppress[3-3]" time="0.000" /><testcase classname="tests.test_firefighter_fire_mechanic" name="test_retreat_range_only_one_and_two_suppress[0-3]" time="0.000" /><testcase classname="tests.test_firefighter_fire_mechanic" name="test_retreat_range_only_one_and_two_suppress[-1-3]" time="0.000" /><testcase classname="tests.test_firefighter_fire_mechanic" name="test_retreat_range_only_one_and_two_suppress[7-3]" time="0.000" /><testcase classname="tests.test_firefighter_fire_mechanic" name="test_retreat_range_only_one_and_two_suppress[x-3]" time="0.000" /><testcase classname="tests.test_firefighter_fire_mechanic" name="test_retreat_range_only_one_and_two_suppress[None-3]" time="0.000" /><testcase classname="tests.test_firefighter_fire_mechanic" name="test_extinguish_write_semantics" time="0.010" /><testcase classname="tests.test_firefighter_fire_mechanic" name="test_extinguished_cell_turns_burnt_at_next_tick_and_never_reignites" time="2.038" /><testcase classname="tests.test_firefighter_fire_mechanic" name="test_remove_fuel_semantics_virgin_and_scorched" time="1.954" /><testcase classname="tests.test_firefighter_fire_mechanic" name="test_euclidean_band_blocks_a_diagonal_front_where_a_manhattan_band_leaks" time="1.029" /><testcase classname="tests.test_firefighter_fire_mechanic" name="test_off_leaves_advance_untouched" time="0.099" /><testcase classname="tests.test_firefighter_fire_mechanic" name="test_configurations_with_no_possible_action_are_inert[config0]" time="0.013" /><testcase classname="tests.test_firefighter_fire_mechanic" name="test_configurations_with_no_possible_action_are_inert[config1]" time="0.013" /><testcase classname="tests.test_firefighter_fire_mechanic" name="test_configurations_with_no_possible_action_are_inert[config2]" time="0.012" /><testcase classname="tests.test_firefighter_fire_mechanic" name="test_default_retreat_test_is_the_idle_buffer" time="0.080" /><testcase classname="tests.test_firefighter_fire_mechanic" name="test_extinguish_nearest_front_cell_within_reach_under_suppression" time="0.013" /><testcase classname="tests.test_firefighter_fire_mechanic" name="test_nearest_front_ties_break_on_x_then_y" time="0.013" /><testcase classname="tests.test_firefighter_fire_mechanic" name="test_front_excludes_burning_cells_with_no_fuel_neighbour" time="0.013" /><testcase classname="tests.test_firefighter_fire_mechanic" name="test_firebreak_works_from_the_idle_standoff_without_suppression" time="0.013" /><testcase classname="tests.test_firefighter_fire_mechanic" name="test_approach_never_enters_the_retreat_distance_and_builds_a_band" time="0.156" /><testcase classname="tests.test_firefighter_fire_mechanic" name="test_retreat_still_fires_at_the_suppressed_distance_and_suspends_until_safe" time="0.024" /><testcase classname="tests.test_firefighter_fire_mechanic" name="test_exit_guard_refuses_suppression_with_fire_on_both_sides" time="0.012" /><testcase classname="tests.test_firefighter_fire_mechanic" name="test_rescue_assignment_preempts_on_the_next_advance" time="0.081" /><testcase classname="tests.test_firefighter_fire_mechanic" name="test_partial_firebreak_persists_for_another_unit" time="1.523" /><testcase classname="tests.test_firefighter_fire_mechanic" name="test_no_zero_work_cycle_against_the_grid_edge_under_suppression" time="0.137" /><testcase classname="tests.test_firefighter_fire_mechanic" name="test_lookahead_refuses_a_buffer_cell_whose_exit_guard_fails" time="0.012" /><testcase classname="tests.test_firefighter_fire_mechanic" name="test_every_retreat_latches_suspension_when_suppression_is_configured" time="0.089" /><testcase classname="tests.test_firefighter_fire_mechanic" name="test_exit_guard_is_not_required_far_from_the_fire" time="0.012" /><testcase classname="tests.test_firefighter_fire_mechanic" name="test_dry_run_writes_nothing_and_moves_on_to_the_next_target" time="0.014" /><testcase classname="tests.test_firefighter_fire_mechanic" name="test_firefighting_draws_from_no_rng" time="0.036" /><testcase classname="tests.test_firefighter_fire_mechanic" name="test_same_state_same_decisions" time="0.173" /><testcase classname="tests.test_firefighter_fire_mechanic" name="test_gate_closed_while_any_victim_is_unresolved_runs_no_feature_code" time="0.014" /><testcase classname="tests.test_firefighter_fire_mechanic" name="test_gate_opens_only_when_every_victim_is_rescued_or_dead" time="0.015" /><testcase classname="tests.test_firefighter_fire_mechanic" name="test_gate_stays_closed_while_one_victim_of_many_is_unresolved" time="0.074" /><testcase classname="tests.test_firefighter_fire_mechanic" name="test_gate_off_reproduces_round_one_engagement_exactly" time="0.063" /><testcase classname="tests.test_firefighter_fire_mechanic" name="test_gate_closed_is_identical_to_the_feature_being_off" time="0.102" /><testcase classname="tests.test_firefighter_fire_mechanic" name="test_gate_predicate_is_open_when_a_model_has_no_managed_victims" time="0.011" /><testcase classname="tests.test_firefighter_fire_mechanic" name="test_gate_predicate_draws_no_rng_and_creates_nothing" time="0.010" /><testcase classname="tests.test_firefighter_rescue_absence" name="test_completion_removes_firefighter_from_grid_but_not_scheduler" time="0.011" /><testcase classname="tests.test_firefighter_rescue_absence" name="test_return_after_duration_recycles_at_exit_cell_and_redispatches" time="0.011" /><testcase classname="tests.test_firefighter_rescue_absence" name="test_unsafe_exit_cell_relocates_to_nearest_safe_cell_within_leash" time="0.076" /><testcase classname="tests.test_firefighter_rescue_absence" name="test_duration_draw_is_seeded_and_leaves_shared_rng_untouched" time="0.028" /><testcase classname="tests.test_firefighter_rescue_absence" name="test_disabled_absence_recycles_in_place" time="0.076" /><testcase classname="tests.test_firefighter_rescue_absence" name="test_planner_delays_casualty_replacement_while_a_unit_is_returning" time="0.011" /><testcase classname="tests.test_firefighter_rescue_absence" name="test_planner_still_gives_up_when_every_unit_is_dead" time="0.010" /><testcase classname="tests.test_firefighter_rescue_absence" name="test_failed_return_is_reported_and_retried_not_lost" time="0.011" /><testcase classname="tests.test_gap_fixes" name="test_global_space_includes_stability_control_do_nothing" time="0.001" /><testcase classname="tests.test_gap_fixes" name="test_global_task_allocation_nonempty_without_triggers" time="0.000" /><testcase classname="tests.test_gap_fixes" name="test_global_resource_reallocation_nonempty_without_triggers" time="0.000" /><testcase classname="tests.test_gap_fixes" name="test_local_space_includes_stability_control_do_nothing" time="0.001" /><testcase classname="tests.test_gap_fixes" name="test_local_sensing_nonempty_without_evidence_or_triggers" time="0.001" /><testcase classname="tests.test_gap_fixes" name="test_rescue_space_includes_rescue_do_nothing_baseline" time="0.000" /><testcase classname="tests.test_gap_fixes" name="test_failsafe_space_includes_failsafe_do_nothing_baseline" time="0.000" /><testcase classname="tests.test_global_adaptation" name="test_maintain_current_role_option_always_exists" time="0.000" /><testcase classname="tests.test_global_adaptation" name="test_uncertainty_reduction_strategy_exists_under_uncertainty_trigger" time="0.000" /><testcase classname="tests.test_global_adaptation" name="test_belief_gap_reduction_option_generated" time="0.000" /><testcase classname="tests.test_global_adaptation" name="test_resource_reallocation_options_generated_under_low_battery" time="0.000" /><testcase classname="tests.test_global_adaptation" name="test_fail_safe_mission_options_generated_under_information_collapse" time="0.000" /><testcase classname="tests.test_global_analysis" name="test_high_uncertainty_region_from_uncertainty_summary" time="0.000" /><testcase classname="tests.test_global_analysis" name="test_search_mode_required_low_gain_and_high_fire_belief" time="0.000" /><testcase classname="tests.test_global_analysis" name="test_critical_link_unreliable_low_comm_confidence" time="0.000" /><testcase classname="tests.test_global_analysis" name="test_oscillation_risk_high_role_switch_count" time="0.000" /><testcase classname="tests.test_global_executor_role_signature" name="test_full_update_role_signature_receives_metadata" time="0.000" /><testcase classname="tests.test_global_executor_role_signature" name="test_legacy_update_role_signature_still_works" time="0.004" /><testcase classname="tests.test_global_executor_role_signature" name="test_real_uav_resource_model_does_not_crash" time="0.000" /><testcase classname="tests.test_global_local_planners" name="test_global_mission_planner_selects_high_utility_over_do_nothing" time="0.001" /><testcase classname="tests.test_global_local_planners" name="test_global_mission_planner_returns_maintain_when_no_feasible_option" time="0.000" /><testcase classname="tests.test_global_local_planners" name="test_local_path_planner_selects_higher_utility_search_option" time="0.000" /><testcase classname="tests.test_global_local_planners" name="test_local_path_planner_returns_hold_current_path_fallback" time="0.000" /><testcase classname="tests.test_global_local_planners" name="test_local_path_planner_does_not_modify_uav_agent_or_selected_dir" time="0.000" /><testcase classname="tests.test_global_monitor_wind_fields" name="test_global_observation_snapshot_declares_wind_fields" time="0.000" /><testcase classname="tests.test_global_monitor_wind_fields" name="test_global_monitor_populates_wind_fields" time="0.014" /><testcase classname="tests.test_global_monitor_wind_fields" name="test_changing_wind_direction_changes_snapshot_vector" time="0.084" /><testcase classname="tests.test_global_monitor_wind_fields" name="test_analysis_snapshot_includes_wind_from_global_snapshot" time="0.015" /><testcase classname="tests.test_global_monitor_wind_fields" name="test_wind_summary_prefers_global_snapshot_over_bridge" time="0.014" /><testcase classname="tests.test_global_monitor_wind_fields" name="test_latest_global_snapshot_after_step_has_wind" time="1.192" /><testcase classname="tests.test_global_utility" name="test_high_fire_contribution_improves_score" time="0.000" /><testcase classname="tests.test_global_utility" name="test_high_uncertainty_reduction_improves_score" time="0.000" /><testcase classname="tests.test_global_utility" name="test_high_information_recovery_improves_score" time="0.000" /><testcase classname="tests.test_global_utility" name="test_high_switching_cost_lowers_score" time="0.000" /><testcase classname="tests.test_global_utility" name="test_do_nothing_feasible_and_stability_idle" time="0.000" /><testcase classname="tests.test_horizon_utility" name="test_global_short_horizon_beats_long_under_high_uncertainty" time="0.000" /><testcase classname="tests.test_horizon_utility" name="test_global_long_horizon_beats_short_under_stable_low_uncertainty" time="0.000" /><testcase classname="tests.test_horizon_utility" name="test_global_information_collapse_favors_search_replan_short" time="0.000" /><testcase classname="tests.test_horizon_utility" name="test_local_short_horizon_beats_long_under_high_uncertainty" time="0.000" /><testcase classname="tests.test_initial_uav_roles" name="test_all_uavs_have_non_empty_roles_after_init" time="0.010" /><testcase classname="tests.test_initial_uav_roles" name="test_last_uav_is_victim_searcher" time="0.010" /><testcase classname="tests.test_initial_uav_roles" name="test_other_uavs_are_fire_tracker" time="0.010" /><testcase classname="tests.test_initial_uav_roles" name="test_roles_in_managed_and_resource_model" time="0.010" /><testcase classname="tests.test_knowledge_models" name="test_fire_runtime_model_core_behaviors" time="0.000" /><testcase classname="tests.test_knowledge_models" name="test_visibility_model_core_behaviors" time="0.000" /><testcase classname="tests.test_knowledge_models" name="test_victim_runtime_model_updates" time="0.000" /><testcase classname="tests.test_knowledge_models" name="test_victim_confidence_decay_and_uncertainty_growth" time="0.000" /><testcase classname="tests.test_knowledge_models" name="test_uav_resource_model_role_and_battery" time="0.000" /><testcase classname="tests.test_knowledge_models" name="test_communication_model_failure_and_relay_flag" time="0.000" /><testcase classname="tests.test_knowledge_models" name="test_shared_operational_picture_rebuild_and_dashboard_summary" time="0.000" /><testcase classname="tests.test_knowledge_models" name="test_fire_negative_observation_decay" time="0.000" /><testcase classname="tests.test_knowledge_models" name="test_fire_get_best_search_target_non_visible" time="0.000" /><testcase classname="tests.test_local_adaptation" name="test_hold_current_path_option_exists" time="0.001" /><testcase classname="tests.test_local_adaptation" name="test_search_option_generated_from_search_mode_required_trigger" time="0.000" /><testcase classname="tests.test_local_adaptation" name="test_drift_aware_movement_option_generated_under_drift_too_high" time="0.000" /><testcase classname="tests.test_local_adaptation" name="test_delayed_adaptation_exists_under_instability_trigger" time="0.000" /><testcase classname="tests.test_local_adaptation" name="test_uncertainty_driven_sensing_options_exist" time="0.000" /><testcase classname="tests.test_local_adaptation_fire_front" name="test_center_cell_is_not_fire_front" time="0.000" /><testcase classname="tests.test_local_adaptation_fire_front" name="test_front_cells_preferred_over_center_cells" time="0.000" /><testcase classname="tests.test_local_adaptation_fire_front" name="test_fallback_to_all_high_when_no_front_cells" time="0.001" /><testcase classname="tests.test_local_adaptation_fire_front" name="test_generate_path_options_marks_fire_front_targets" time="0.000" /><testcase classname="tests.test_local_adaptation_victim_search" name="test_victim_searcher_gets_move_toward_victim_candidate_options" time="0.000" /><testcase classname="tests.test_local_adaptation_victim_search" name="test_non_victim_role_keeps_fire_path_options_without_victim_candidate" time="0.000" /><testcase classname="tests.test_local_adaptation_victim_search" name="test_victim_directed_option_has_strong_task_support_flags" time="0.000" /><testcase classname="tests.test_local_analysis" name="test_structured_trigger_has_required_fields[AdaptationTrigger]" time="0.000" /><testcase classname="tests.test_local_analysis" name="test_structured_trigger_has_required_fields[SafetyTrigger]" time="0.000" /><testcase classname="tests.test_local_analysis" name="test_structured_trigger_has_required_fields[ResourceTrigger]" time="0.000" /><testcase classname="tests.test_local_analysis" name="test_structured_trigger_has_required_fields[RescueTrigger]" time="0.000" /><testcase classname="tests.test_local_analysis" name="test_structured_trigger_has_required_fields[CommunicationTrigger]" time="0.000" /><testcase classname="tests.test_local_analysis" name="test_structured_trigger_has_required_fields[UncertaintyTrigger]" time="0.000" /><testcase classname="tests.test_local_analysis" name="test_structured_trigger_has_required_fields[InformationTrigger]" time="0.000" /><testcase classname="tests.test_local_analysis" name="test_low_battery_from_observation" time="0.000" /><testcase classname="tests.test_local_analysis" name="test_drift_too_high_from_drift_error" time="0.000" /><testcase classname="tests.test_local_analysis" name="test_low_information_or_search_when_gain_low_and_uncertainty" time="0.000" /><testcase classname="tests.test_local_observation_knowledge" name="test_local_observation_drives_fire_visibility_and_resource_knowledge" time="0.081" /><testcase classname="tests.test_local_path_context_model" name="test_refresh_updates_required_fields" time="0.000" /><testcase classname="tests.test_local_path_context_model" name="test_oscillation_score_increases_with_ping_pong" time="0.000" /><testcase classname="tests.test_local_path_context_model" name="test_stuck_count_propagates_to_snapshot" time="0.000" /><testcase classname="tests.test_local_path_context_model" name="test_hazard_proximity_updates_nearby_fire_and_smoke" time="0.000" /><testcase classname="tests.test_local_path_context_model" name="test_target_switch_count_tracked_on_refresh" time="0.000" /><testcase classname="tests.test_local_path_context_model" name="test_navigation_confidence_updates_from_runtime" time="0.000" /><testcase classname="tests.test_local_path_context_model" name="test_analyzer_uses_path_context_for_stuck_and_oscillation" time="0.000" /><testcase classname="tests.test_local_path_context_model" name="test_adaptation_reads_path_context_for_movement_options" time="0.000" /><testcase classname="tests.test_local_path_context_model" name="test_planner_accesses_path_context_from_runtime_models" time="0.000" /><testcase classname="tests.test_local_path_context_model" name="test_wildfire_model_refreshes_path_context_after_step" time="1.258" /><testcase classname="tests.test_local_path_context_model" name="test_wildfire_model_target_switch_detection" time="0.010" /><testcase classname="tests.test_local_path_context_model" name="test_legacy_update_context_still_works" time="0.000" /><testcase classname="tests.test_local_utility" name="test_high_information_gain_scores_higher" time="0.000" /><testcase classname="tests.test_local_utility" name="test_high_collision_risk_lowers_score" time="0.000" /><testcase classname="tests.test_local_utility" name="test_high_drift_penalty_lowers_score" time="0.000" /><testcase classname="tests.test_local_utility" name="test_stability_bonus_increases_score" time="0.000" /><testcase classname="tests.test_local_utility" name="test_recovery_scores_higher_under_information_recovery_mode" time="0.000" /><testcase classname="tests.test_mission_goal_model" name="test_default_exploration_phase" time="0.000" /><testcase classname="tests.test_mission_goal_model" name="test_rescue_active_when_victim_assigned" time="0.000" /><testcase classname="tests.test_mission_goal_model" name="test_emergency_and_degraded_propagation" time="0.000" /><testcase classname="tests.test_mission_goal_model" name="test_evacuation_when_fire_severity_high_with_victims" time="0.000" /><testcase classname="tests.test_mission_goal_model" name="test_fire_severity_and_coverage_metrics_update" time="0.000" /><testcase classname="tests.test_mission_goal_model" name="test_goal_priority_toggles_and_legacy_weights" time="0.000" /><testcase classname="tests.test_mission_goal_model" name="test_runtime_context_exposed_to_planners" time="0.000" /><testcase classname="tests.test_mission_goal_model" name="test_constraint_filter_uses_live_mission_constraints" time="0.000" /><testcase classname="tests.test_mission_goal_model" name="test_global_adaptation_reads_mission_goals_for_search_mode" time="0.000" /><testcase classname="tests.test_mission_goal_model" name="test_global_planner_reads_mission_goal_utility_mode" time="0.000" /><testcase classname="tests.test_mission_goal_model" name="test_snapshot_backward_compatibility" time="0.000" /><testcase classname="tests.test_phantom_rescue_release" name="test_second_claimant_released_when_first_completes" time="0.010" /><testcase classname="tests.test_phantom_rescue_release" name="test_completing_unit_is_not_touched_by_the_release" time="0.071" /><testcase classname="tests.test_phantom_rescue_release" name="test_released_unit_no_longer_walks_to_the_stale_target" time="0.018" /><testcase classname="tests.test_phantom_rescue_release" name="test_released_unit_is_the_planner_pick_for_the_next_victim" time="0.010" /><testcase classname="tests.test_phantom_rescue_release" name="test_release_relabels_the_knowledge_model_as_available" time="0.010" /><testcase classname="tests.test_phantom_rescue_release" name="test_route_blocked_claimant_is_released_and_recovered_by_revalidation" time="0.080" /><testcase classname="tests.test_phantom_rescue_release" name="test_single_claimant_completion_emits_no_release" time="0.011" /><testcase classname="tests.test_phantom_rescue_release" name="test_completion_for_an_already_rescued_victim_releases_a_straggler" time="0.011" /><testcase classname="tests.test_phantom_rescue_release" name="test_victim_dead_releases_every_claimant_including_route_blocked" time="0.012" /><testcase classname="tests.test_phantom_rescue_release" name="test_victim_dead_with_one_visible_claimant_is_the_old_recall_plus_relabel" time="0.011" /><testcase classname="tests.test_phantom_rescue_release" name="test_drain_end_to_end_releases_loser_and_redispatches_it" time="0.083" /><testcase classname="tests.test_phantom_rescue_release" name="test_release_when_incident_names_the_loser_still_frees_the_loser" time="0.011" /><testcase classname="tests.test_phantom_rescue_release" name="test_named_unit_is_kept_only_while_carrying" time="0.021" /><testcase classname="tests.test_phantom_rescue_release" name="test_release_counter_is_split_by_reason" time="0.080" /><testcase classname="tests.test_phantom_rescue_release" name="test_named_exiting_unit_is_released_once_a_completer_exists" time="0.010" /><testcase classname="tests.test_phantom_rescue_release" name="test_dead_claimant_is_skipped_and_the_others_released" time="0.011" /><testcase classname="tests.test_phantom_rescue_release" name="test_relabel_failure_does_not_undo_or_hide_the_release" time="0.011" /><testcase classname="tests.test_phantom_rescue_release" name="test_route_blocked_release_with_no_victim_left_clears_the_flag" time="0.010" /><testcase classname="tests.test_phantom_rescue_release" name="test_route_blocked_release_with_a_live_victim_leaves_the_flag_to_the_pass" time="0.075" /><testcase classname="tests.test_phantom_rescue_release" name="test_same_step_co_completer_is_recycled_without_an_absence" time="0.010" /><testcase classname="tests.test_physical_rescue_command" name="test_apply_physical_rescue_command_assign" time="0.010" /><testcase classname="tests.test_physical_rescue_command" name="test_dispatch_uses_shared_rescue_executor" time="0.009" /><testcase classname="tests.test_physical_rescue_command" name="test_dead_firefighter_not_dispatched_via_apply" time="0.077" /><testcase classname="tests.test_planner_core" name="test_mission_decision_supports_new_fields" time="0.000" /><testcase classname="tests.test_planner_core" name="test_path_decision_supports_new_fields" time="0.000" /><testcase classname="tests.test_planner_core" name="test_rescue_decision_supports_new_fields" time="0.000" /><testcase classname="tests.test_planner_core" name="test_fail_safe_decision_supports_new_fields" time="0.000" /><testcase classname="tests.test_planner_core" name="test_score_and_select_best_returns_highest_utility_option" time="0.001" /><testcase classname="tests.test_planner_core" name="test_find_maintain_option_returns_stability_option_when_present" time="0.000" /><testcase classname="tests.test_planning_integration" name="test_step_populates_planning_result_without_execution_side_effects" time="22.866" /><testcase classname="tests.test_rescue_event_bridge" name="test_initial_dispatch_records_dispatch_initial" time="0.074" /><testcase classname="tests.test_rescue_event_bridge" name="test_route_blocked_and_replacement_record_events" time="0.011" /><testcase classname="tests.test_rescue_event_bridge" name="test_casualty_replacement_records_events" time="0.012" /><testcase classname="tests.test_rescue_event_bridge" name="test_rescue_failure_records_rescue_failed" time="0.010" /><testcase classname="tests.test_rescue_event_bridge" name="test_rescue_complete_records_rescue_complete" time="0.010" /><testcase classname="tests.test_rescue_failsafe_planners" name="test_rescue_planner_prefers_confirmation_when_victim_uncertainty_high" time="0.000" /><testcase classname="tests.test_rescue_failsafe_planners" name="test_rescue_planner_maintain_current_rescue_state_fallback" time="0.000" /><testcase classname="tests.test_rescue_failsafe_planners" name="test_fail_safe_planner_prefers_search_under_search_mode_required_trigger" time="0.001" /><testcase classname="tests.test_rescue_failsafe_planners" name="test_fail_safe_planner_marks_search_mode_active_for_search_decision" time="0.000" /><testcase classname="tests.test_rescue_failsafe_planners" name="test_fail_safe_planner_maintain_current_failsafe_fallback" time="0.000" /><testcase classname="tests.test_rescue_planner_authority" name="test_victim_confirmed_incident_planner_assigns_closest" time="0.070" /><testcase classname="tests.test_rescue_planner_authority" name="test_sync_victim_status_does_not_dispatch_without_fallback" time="0.010" /><testcase classname="tests.test_rescue_planner_authority" name="test_route_blocked_incident_planner_replacement" time="0.011" /><testcase classname="tests.test_rescue_planner_authority" name="test_firefighter_casualty_incident_planner_replacement" time="0.011" /><testcase classname="tests.test_rescue_planner_authority" name="test_no_firefighter_planner_delay_or_unreachable" time="0.064"><failure message="AssertionError: assert 'assign' == 'delay'&#10;  &#10;  - delay&#10;  + assign">def test_no_firefighter_planner_delay_or_unreachable() -&gt; None:
        model = _fresh_model()
        _reset_firefighters(model)
        _prepare_victim(model)
        for ff_id in (FF_FAR, FF_NEAR):
            ff = _ff(model, ff_id)
            ff.dead = True
    
        snap = model.get_rescue_operational_snapshot()
        initial = select_rescue_assignment(snap, "initial", victim_id=VICTIM_ID)
        replacement = select_rescue_assignment(
            snap, "replacement_after_casualty", victim_id=VICTIM_ID
        )
&gt;       assert str(getattr(initial, "rescue_action", "")).lower() == "delay"
E       AssertionError: assert 'assign' == 'delay'
E         
E         - delay
E         + assign

tests\test_rescue_planner_authority.py:185: AssertionError</failure></testcase><testcase classname="tests.test_rescue_planner_authority" name="test_duplicate_incident_not_processed_twice" time="0.010" /><testcase classname="tests.test_route_block_stale_clear" name="test_mode_reads_the_module_at_call_time" time="0.010" /><testcase classname="tests.test_route_block_stale_clear" name="test_default_is_rung_one_and_ships_on" time="0.000" /><testcase classname="tests.test_route_block_stale_clear" name="test_switch_off_is_a_no_op" time="0.010" /><testcase classname="tests.test_route_block_stale_clear" name="test_switch_off_leaves_the_bound_latch_too" time="0.009" /><testcase classname="tests.test_route_block_stale_clear" name="test_fast_path_is_untouched_at_every_mode[0]" time="0.066" /><testcase classname="tests.test_route_block_stale_clear" name="test_fast_path_is_untouched_at_every_mode[1]" time="0.009" /><testcase classname="tests.test_route_block_stale_clear" name="test_fast_path_is_untouched_at_every_mode[2]" time="0.010" /><testcase classname="tests.test_route_block_stale_clear" name="test_mode_one_clears_the_unassigned_no_referent_unit" time="0.010" /><testcase classname="tests.test_route_block_stale_clear" name="test_mode_one_leaves_the_second_block_latch_flagged" time="0.061" /><testcase classname="tests.test_route_block_stale_clear" name="test_mode_two_releases_and_clears_the_bound_second_block_latch" time="0.009" /><testcase classname="tests.test_route_block_stale_clear" name="test_mode_two_still_clears_the_plain_unassigned_latch" time="0.009" /><testcase classname="tests.test_route_block_stale_clear" name="test_fire_enclosed_unit_stays_flagged[1]" time="0.010" /><testcase classname="tests.test_route_block_stale_clear" name="test_fire_enclosed_unit_stays_flagged[2]" time="0.009" /><testcase classname="tests.test_route_block_stale_clear" name="test_dead_unit_is_untouched[1]" time="0.066" /><testcase classname="tests.test_route_block_stale_clear" name="test_dead_unit_is_untouched[2]" time="0.009" /><testcase classname="tests.test_route_block_stale_clear" name="test_exiting_unit_is_untouched[1]" time="0.010" /><testcase classname="tests.test_route_block_stale_clear" name="test_exiting_unit_is_untouched[2]" time="0.010" /><testcase classname="tests.test_route_block_stale_clear" name="test_off_grid_unit_is_untouched[1]" time="0.065" /><testcase classname="tests.test_route_block_stale_clear" name="test_off_grid_unit_is_untouched[2]" time="0.009" /><testcase classname="tests.test_route_block_stale_clear" name="test_live_victim_leaves_the_flag_to_the_ordinary_pass[1]" time="0.011" /><testcase classname="tests.test_route_block_stale_clear" name="test_live_victim_leaves_the_flag_to_the_ordinary_pass[2]" time="0.011" /><testcase classname="tests.test_route_block_stale_clear" name="test_terminal_victim_stays_out_of_the_planner_after_a_pending_reset" time="0.010" /><testcase classname="tests.test_sop_local_obs_integration" name="test_local_observation_model_updated_and_sop_rebuilt_from_pipeline" time="0.076" /><testcase classname="tests.test_specialized_utility" name="test_rescue_confirmation_beats_dispatch_low_confidence_high_uncertainty" time="0.001" /><testcase classname="tests.test_specialized_utility" name="test_relay_communication_scores_higher_with_low_delivery_confidence" time="0.000" /><testcase classname="tests.test_specialized_utility" name="test_return_to_base_scores_higher_with_high_energy_failure_risk" time="0.000" /><testcase classname="tests.test_specialized_utility" name="test_failsafe_search_scores_higher_with_high_recovery_value" time="0.000" /><testcase classname="tests.test_specialized_utility" name="test_confidence_adjustment_lowers_weak_confidence_score" time="0.000" /><testcase classname="tests.test_system_boundary" name="test_managed_system_boundary_state_initializes_and_updates" time="1.438" /><testcase classname="tests.test_trigger_normalization" name="test_normalize_triggers_from_trigger_batch_object" time="0.000" /><testcase classname="tests.test_trigger_normalization" name="test_normalize_triggers_from_dict_all_triggers" time="0.000" /><testcase classname="tests.test_trigger_normalization" name="test_normalize_triggers_from_tuple_and_string" time="0.000" /><testcase classname="tests.test_trigger_normalization" name="test_low_confidence_information_trigger_ignored_by_safety_checker" time="0.000" /><testcase classname="tests.test_trigger_normalization" name="test_search_mode_required_maps_to_information_recovery" time="0.000" /><testcase classname="tests.test_trigger_normalization" name="test_critical_battery_maps_correctly" time="0.000" /><testcase classname="tests.test_trigger_normalization" name="test_fail_safe_planner_uses_normalized_object_snapshot" time="0.001" /><testcase classname="tests.test_trigger_normalization" name="test_analysis_result_exposes_trigger_batch_alias" time="0.000" /><testcase classname="tests.test_trigger_normalization" name="test_trigger_signal_passes_information_confidence_gate" time="0.000" /><testcase classname="tests.test_trigger_normalization" name="test_mode_manager_accepts_trigger_batch_on_snapshot" time="0.001" /><testcase classname="tests.test_trigger_normalization" name="test_mode_manager_accepts_dict_all_triggers" time="0.000" /><testcase classname="tests.test_trigger_normalization" name="test_planning_coordinator_uses_trigger_batch_from_snapshot" time="0.001" /><testcase classname="tests.test_trigger_normalization" name="test_analysis_triggers_falls_back_to_global_trigger_list" time="0.000" /><testcase classname="tests.test_trigger_normalization" name="test_planning_coordinator_falls_back_to_legacy_trigger_list" time="0.000" /><testcase classname="tests.test_trigger_normalization" name="test_mode_manager_backward_compatible_with_triggers_field" time="0.000" /><testcase classname="tests.test_uav_battery_monitoring" name="test_local_monitor_reads_uav_battery_and_resource_model_receives_it" time="0.011" /><testcase classname="tests.test_uav_battery_monitoring" name="test_battery_drains_after_advance_without_changing_move_contract" time="0.066" /><testcase classname="tests.test_uav_executor" name="test_uav_executor_maps_cardinal_actions[east-0]" time="0.001" /><testcase classname="tests.test_uav_executor" name="test_uav_executor_maps_cardinal_actions[south-1]" time="0.000" /><testcase classname="tests.test_uav_executor" name="test_uav_executor_maps_cardinal_actions[west-2]" time="0.000" /><testcase classname="tests.test_uav_executor" name="test_uav_executor_maps_cardinal_actions[north-3]" time="0.000" /><testcase classname="tests.test_uav_executor" name="test_uav_executor_hold_preserves_selected_dir" time="0.000" /><testcase classname="tests.test_uav_executor" name="test_uav_executor_uses_waypoint_for_selected_dir" time="0.000" /><testcase classname="tests.test_uav_executor" name="test_uav_executor_does_not_move_uav_position" time="0.000" /><testcase classname="tests.test_uav_executor" name="test_search_mode_steers_toward_get_best_search_target" time="0.000" /><testcase classname="tests.test_uav_executor" name="test_uav_move_no_longer_calls_knowledge_fallback_bias" time="0.001" /><testcase classname="tests.test_uav_executor" name="test_stuck_count_below_two_uses_normal_victim_routing" time="0.001" /><testcase classname="tests.test_uav_executor" name="test_stuck_victim_uav_escapes_repeated_position" time="0.001" /><testcase classname="tests.test_uav_executor" name="test_stuck_victim_uav_avoids_fire" time="0.001" /><testcase classname="tests.test_uav_executor" name="test_stuck_victim_uav_avoids_smoke" time="0.001" /><testcase classname="tests.test_uav_executor" name="test_stuck_victim_uav_changes_selected_dir" time="0.001" /><testcase classname="tests.test_uav_executor" name="test_non_stuck_victim_routing_unchanged" time="0.001" /><testcase classname="tests.test_uav_executor" name="test_moving_uav_resets_stuck_count" time="0.000" /><testcase classname="tests.test_uav_executor" name="test_victim_oscillation_activates_escape_committed" time="0.001" /><testcase classname="tests.test_uav_executor" name="test_victim_escape_memory_continues_same_direction" time="0.000" /><testcase classname="tests.test_uav_executor" name="test_victim_escape_memory_clears_after_significant_progress" time="0.001" /><testcase classname="tests.test_uav_executor" name="test_victim_oscillation_prefers_safe_over_hazardous" time="0.000" /><testcase classname="tests.test_uav_executor" name="test_victim_non_oscillating_routing_uses_computed_from_target" time="0.001" /><testcase classname="tests.test_uav_executor" name="test_blocked_uav_increments_stuck_count" time="0.000" /><testcase classname="tests.test_uav_executor" name="test_bfs_escape_finds_path_around_fire_wall" time="0.001" /><testcase classname="tests.test_uav_executor" name="test_bfs_escape_returns_none_when_fully_enclosed" time="0.000" /><testcase classname="tests.test_uav_executor" name="test_bfs_smoke_fallback_can_ignore_smoke_when_needed" time="0.000" /><testcase classname="tests.test_uav_executor" name="test_forced_progress_uses_bfs_when_greedy_fails" time="0.001" /><testcase classname="tests.test_uav_executor_boundary" name="test_right_boundary_avoids_east_when_target_is_further_right" time="0.000" /><testcase classname="tests.test_uav_executor_boundary" name="test_vertical_boundaries_avoid_out_of_bounds_direction" time="0.000" /><testcase classname="tests.test_uav_executor_boundary" name="test_no_bounds_information_returns_original_chosen_direction" time="0.000" /><testcase classname="tests.test_uav_movement_monitor_timestep" name="test_local_observation_movement_fields_match_current_advance_step" time="0.011" /><testcase classname="tests.test_uav_sector_assignment" name="test_get_uav_index_for_three_uavs" time="0.000" /><testcase classname="tests.test_uav_sector_assignment" name="test_get_team_size_returns_available_entities_count" time="0.000" /><testcase classname="tests.test_uav_sector_assignment" name="test_sector_slicing_distributes_nine_targets_across_three_uavs" time="0.000" /><testcase classname="tests.test_uav_sector_assignment" name="test_explore_option_generated_from_visibility_state_observation_map" time="0.000" /><testcase classname="tests.test_uav_sector_assignment" name="test_explore_option_has_competitive_utility_parameters" time="0.000" /><testcase classname="tests.test_uav_sector_assignment" name="test_fire_tracker_uavs_receive_different_target_sets" time="0.001"><failure message="assert False&#10; +  where False = &lt;built-in method isdisjoint of set object at 0x000002686D752880&gt;({(1, 5), (2, 5), (3, 5)})&#10; +    where &lt;built-in method isdisjoint of set object at 0x000002686D752880&gt; = {(1, 5), (2, 5), (3, 5)}.isdisjoint">def test_fire_tracker_uavs_receive_different_target_sets() -&gt; None:
        generator = LocalAdaptationSpaceGenerator()
        runtime_models = _runtime_models(["0", "1", "2"])
    
        fire_targets: dict[str, set[tuple[int, int]]] = {}
        for uav_id in ("0", "1", "2"):
            runtime_models["uav_id"] = uav_id
            runtime_models["uav_resource_model"] = _FakeUAVResource(
                by_uav_id={
                    uid: type("Role", (), {"current_role": "fire_tracker"})()
                    for uid in ("0", "1", "2")
                }
            )
            space = generator.generate(
                {"target_entity": uav_id, "triggers": ()},
                {},
                runtime_models,
                timestamp=1.0,
            )
            targets = {
                tuple(option.parameters.get("target_region"))
                for option in space.options
                if option.parameters.get("path_action", "").startswith("move_toward_fire")
                and option.parameters.get("target_region") is not None
            }
            fire_targets[uav_id] = targets
    
        assert fire_targets["0"]
        assert fire_targets["1"]
        assert fire_targets["2"]
        assert fire_targets["0"].isdisjoint(fire_targets["1"])
&gt;       assert fire_targets["1"].isdisjoint(fire_targets["2"])
E       assert False
E        +  where False = &lt;built-in method isdisjoint of set object at 0x000002686D752880&gt;({(1, 5), (2, 5), (3, 5)})
E        +    where &lt;built-in method isdisjoint of set object at 0x000002686D752880&gt; = {(1, 5), (2, 5), (3, 5)}.isdisjoint

tests\test_uav_sector_assignment.py:198: AssertionError</failure></testcase><testcase classname="tests.test_uav_sector_assignment" name="test_victim_searcher_with_victims_returns_victim_directed_path_options_only" time="0.000" /><testcase classname="tests.test_uav_sector_assignment" name="test_victim_searcher_excludes_fire_front_and_belief_path_options" time="0.000" /><testcase classname="tests.test_uav_sector_assignment" name="test_victim_searcher_path_options_preserve_victim_metadata" time="0.000" /><testcase classname="tests.test_uav_sector_assignment" name="test_victim_searcher_includes_maintain_current_noop_option" time="0.000" /><testcase classname="tests.test_uav_sector_assignment" name="test_victim_searcher_without_victims_emits_wind_aware_search_option" time="0.002" /><testcase classname="tests.test_uav_sector_assignment" name="test_get_uav_role_reads_role_correctly" time="0.000" /><testcase classname="tests.test_uav_sector_assignment" name="test_victim_searcher_exempt_from_search_mode_override" time="0.002" /><testcase classname="tests.test_uav_sector_assignment" name="test_victim_search_exempt_from_search_mode_override" time="0.002" /><testcase classname="tests.test_uav_sector_assignment" name="test_fire_tracker_still_overridden_by_search_mode_fail_safe" time="0.001"><failure message="AssertionError: assert 'fire_flank_hold' == 'computed_from_fire_perimeter'&#10;  &#10;  - computed_from_fire_perimeter&#10;  + fire_flank_hold">def test_fire_tracker_still_overridden_by_search_mode_fail_safe() -&gt; None:
        from src_extension.execution.decision_dispatcher import DecisionDispatcher
        from src_extension.planning.decision_objects import PathDecision
    
        agent = _FakeAgent(unique_id=0, pos=(5, 5), selected_dir=2)
        model = _dispatcher_model([agent], roles_by_id={"0": "fire_tracker"})
        dispatcher = DecisionDispatcher(model=model)
        planning_result = {
            "fail_safe_decision": _search_mode_fail_safe(),
            "path_decisions": [
                PathDecision(decision_id="path-0", uav_id="0", next_action="west"),
            ],
        }
    
        result = dispatcher.dispatch(planning_result, timestamp=1.0)
        uav_result = result["local"]["uav_results"]["0"]
    
        assert uav_result.get("override_exempt") is not True
        assert uav_result.get("role_preserving_search") is True
&gt;       assert uav_result["action"] == "computed_from_fire_perimeter"
E       AssertionError: assert 'fire_flank_hold' == 'computed_from_fire_perimeter'
E         
E         - computed_from_fire_perimeter
E         + fire_flank_hold

tests\test_uav_sector_assignment.py:450: AssertionError</failure></testcase><testcase classname="tests.test_uav_sector_assignment" name="test_emergency_and_safe_hold_still_override_victim_searcher" time="0.000" /><testcase classname="tests.test_uav_sector_assignment" name="test_exploration_fallback_prefers_distinct_directions_per_uav_id" time="0.000" /><testcase classname="tests.test_uav_sector_assignment" name="test_exploration_fallback_fire_hazard_overrides_directional_bias" time="0.000" /><testcase classname="tests.test_uav_sector_assignment" name="test_exploration_fallback_smoke_hazard_overrides_directional_bias" time="0.000" /><testcase classname="tests.test_uav_sector_assignment" name="test_exploration_fallback_respects_boundary_safe_movement" time="0.000" /><testcase classname="tests.test_uav_sector_assignment" name="test_exploration_fallback_returns_valid_direction" time="0.000" /><testcase classname="tests.test_unresolved_victim_coverage" name="test_post_rescue_coverage_flag_set_in_wind_state" time="24.062" /><testcase classname="tests.test_unresolved_victim_coverage" name="test_corridor_diversity_failure_forces_west_target" time="0.021" /><testcase classname="tests.test_unresolved_victim_coverage" name="test_coverage_mode_activates_when_unresolved_and_no_detection" time="0.039" /><testcase classname="tests.test_unresolved_victim_coverage" name="test_victim_searcher_does_not_stay_in_single_corridor_when_unresolved" time="62.182" /><testcase classname="tests.test_unresolved_victim_coverage" name="test_coverage_target_stays_in_interior_band" time="0.022" /><testcase classname="tests.test_unresolved_victim_coverage" name="test_coverage_y_sweep_alternates_halves" time="0.003" /><testcase classname="tests.test_unresolved_victim_coverage" name="test_coverage_y_sweep_lower_after_upper_camping" time="0.003" /><testcase classname="tests.test_unresolved_victim_coverage" name="test_remaining_victim_coverage_after_two_rescues" time="123.135" /><testcase classname="tests.test_unresolved_victim_coverage" name="test_scenario_a_all_victims_accounted" time="362.767" /><testcase classname="tests.test_unresolved_victim_coverage" name="test_seed42_scenario_a_all_victims_accounted_by_300" time="336.920" /><testcase classname="tests.test_utility_constraints" name="test_local_hard_collision_violation_infeasible" time="0.000" /><testcase classname="tests.test_utility_constraints" name="test_global_projected_battery_below_threshold_infeasible" time="0.000" /><testcase classname="tests.test_utility_constraints" name="test_rescue_route_feasible_false_infeasible" time="0.001" /><testcase classname="tests.test_utility_constraints" name="test_communication_critical_requires_delivery_infeasible" time="0.000" /><testcase classname="tests.test_utility_constraints" name="test_fail_safe_mode_bypasses_critical_communication_violation" time="0.000" /><testcase classname="tests.test_utility_core" name="test_option_evaluation_has_required_fields" time="0.000" /><testcase classname="tests.test_utility_core" name="test_utility_term_contribution_stored" time="0.000" /><testcase classname="tests.test_utility_core" name="test_score_options_returns_scored_option_descending" time="0.000" /><testcase classname="tests.test_utility_core" name="test_dashboard_summary_returns_string" time="0.000" /><testcase classname="tests.test_victim_fire_flight" name="test_victim_holds_when_fire_is_beyond_the_trigger" time="0.011" /><testcase classname="tests.test_victim_fire_flight" name="test_victim_steps_away_when_fire_is_within_the_trigger" time="0.011" /><testcase classname="tests.test_victim_fire_flight" name="test_victim_never_steps_onto_a_burning_cell" time="0.121" /><testcase classname="tests.test_victim_fire_flight" name="test_victim_holds_when_every_neighbour_burns" time="0.017" /><testcase classname="tests.test_victim_fire_flight" name="test_victim_escapes_a_cell_that_ignites_under_it" time="0.018" /><testcase classname="tests.test_victim_fire_flight" name="test_victim_on_a_burning_cell_still_dies_when_boxed_in" time="0.014" /><testcase classname="tests.test_victim_fire_flight" name="test_leash_bounds_displacement_from_the_spawn_cell" time="0.017" /><testcase classname="tests.test_victim_fire_flight" name="test_spawn_cell_is_recorded_and_matches_the_placed_cell" time="0.089" /><testcase classname="tests.test_victim_fire_flight" name="test_movement_is_deterministic" time="0.047" /><testcase classname="tests.test_victim_fire_flight" name="test_flee_draws_nothing_from_the_shared_rng" time="0.079" /><testcase classname="tests.test_victim_fire_flight" name="test_dead_victim_does_not_move" time="0.013" /><testcase classname="tests.test_victim_fire_flight" name="test_unreachable_victim_still_flees" time="0.011" /><testcase classname="tests.test_victim_fire_flight" name="test_carried_victim_does_not_move_itself" time="0.010" /><testcase classname="tests.test_victim_fire_flight" name="test_colocated_firefighter_stops_the_victim_before_exiting_is_set" time="0.011" /><testcase classname="tests.test_victim_fire_flight" name="test_offgrid_firefighter_does_not_hold_a_victim" time="0.092" /><testcase classname="tests.test_victim_fire_flight" name="test_a_firefighter_bound_to_another_victim_does_not_hold_this_one" time="0.013" /><testcase classname="tests.test_victim_fire_flight" name="test_target_pos_follows_a_moving_victim" time="0.012" /><testcase classname="tests.test_victim_fire_flight" name="test_firefighter_never_starts_exiting_without_contact" time="0.020" /><testcase classname="tests.test_victim_fire_flight" name="test_terminal_victim_is_not_chased_to_a_new_cell" time="0.089" /><testcase classname="tests.test_victim_fire_flight" name="test_kill_switch_makes_advance_a_no_op" time="0.012" /><testcase classname="tests.test_victim_fire_flight" name="test_kill_switch_disables_the_retarget" time="0.016" /><testcase classname="tests.test_victim_fire_flight" name="test_flee_log_and_last_known_position_track_the_move" time="0.014" /><testcase classname="tests.test_victim_fire_flight" name="test_dead_firefighter_does_not_hold_a_victim" time="0.017" /><testcase classname="tests.test_victim_fire_flight" name="test_victim_prefers_a_cell_that_still_has_an_exit" time="0.091" /><testcase classname="tests.test_victim_fire_flight" name="test_dead_end_preference_falls_back_when_every_option_is_a_pocket" time="0.015" /><testcase classname="tests.test_victim_fire_flight" name="test_onward_exit_excludes_the_cell_being_vacated" time="0.017" /><testcase classname="tests.test_victim_fire_flight" name="test_grid_edge_counts_as_a_dead_end_side" time="0.017" /><testcase classname="tests.test_victim_fire_flight" name="test_leash_anchor_starts_at_spawn" time="0.110" /><testcase classname="tests.test_victim_fire_flight" name="test_leash_reanchors_when_the_victim_reaches_safety" time="0.011" /><testcase classname="tests.test_victim_fire_flight" name="test_leash_reanchors_when_nothing_is_burning" time="0.016" /><testcase classname="tests.test_victim_fire_flight" name="test_reanchoring_does_not_fire_while_the_victim_is_in_danger" time="0.017" /><testcase classname="tests.test_victim_fire_flight" name="test_reanchor_is_idempotent_on_the_same_cell" time="0.016" /><testcase classname="tests.test_victim_fire_flight" name="test_renewable_leash_lets_a_victim_travel_beyond_the_raw_leash" time="0.129" /><testcase classname="tests.test_victim_fire_flight" name="test_without_reanchoring_the_same_front_pins_the_victim_at_the_leash" time="0.043" /><testcase classname="tests.test_victim_fire_flight" name="test_reanchor_touches_only_the_anchor" time="0.016" /><testcase classname="tests.test_victim_search_seed" name="test_managed_victims_seeded_with_higher_confidence_and_confirmation" time="0.011" /><testcase classname="tests.test_victim_search_seed" name="test_last_uav_seeded_as_victim_searcher" time="0.088" /><testcase classname="tests.test_victim_searcher_hazard_retreat" name="test_range_reads_the_module_at_call_time" time="0.001" /><testcase classname="tests.test_victim_searcher_hazard_retreat" name="test_default_is_always_on" time="0.000" /><testcase classname="tests.test_victim_searcher_hazard_retreat" name="test_range_zero_passes_a_safe_interior_direction_through" time="0.001" /><testcase classname="tests.test_victim_searcher_hazard_retreat" name="test_range_always_retreats_away_from_the_fire" time="0.001" /><testcase classname="tests.test_victim_searcher_hazard_retreat" name="test_finite_range_fires_only_when_the_fire_is_within_range" time="0.001" /><testcase classname="tests.test_victim_searcher_hazard_retreat" name="test_retarget_label_is_kept_when_the_retreat_fires" time="0.001" /><testcase classname="tests.test_victim_searcher_hazard_retreat" name="test_range_zero_still_retreats_inward_at_the_edge" time="0.001" /><testcase classname="tests.test_victim_searcher_hazard_retreat" name="test_always_on_keeps_edge_handling_through_the_edge_filter" time="0.001" /><testcase classname="tests.test_victim_searcher_hazard_retreat" name="test_retreat_scoring_is_hazard_only_when_on" time="0.001" /><testcase classname="tests.test_victim_searcher_hazard_retreat" name="test_range_zero_gate_is_unchanged_far_from_edge_and_fire" time="0.001" /><testcase classname="tests.test_victim_searcher_scenario_matrix" name="test_resolve_victim_searcher_role_lookup_one_uav" time="0.016" /><testcase classname="tests.test_victim_searcher_scenario_matrix" name="test_resolve_victim_searcher_role_lookup_two_uavs" time="0.014" /><testcase classname="tests.test_victim_searcher_scenario_matrix" name="test_resolve_victim_searcher_role_lookup_three_uavs" time="0.015" /><testcase classname="tests.test_victim_searcher_scenario_matrix" name="test_resolve_victim_searcher_role_lookup_five_uavs" time="0.015" /><testcase classname="tests.test_victim_searcher_scenario_matrix" name="test_no_crash_zero_victims" time="29.504" /><testcase classname="tests.test_victim_searcher_scenario_matrix" name="test_scenario_matrix_helper_runs" time="66.543" /><testcase classname="tests.test_victim_searcher_scenario_matrix" name="test_scenario_a_no_5x5_camping_east" time="80.656" /><testcase classname="tests.test_victim_searcher_scenario_matrix" name="test_variable_wind_adapts_scenario_a" time="265.795" /><testcase classname="tests.test_wind_aware_corridor_search" name="test_same_target_streak_resets_corridor" time="0.000" /><testcase classname="tests.test_wind_aware_corridor_search" name="test_corridor_generates_interior_waypoints" time="0.002" /><testcase classname="tests.test_wind_aware_corridor_search" name="test_corridor_exhaustion_sets_force_sweep" time="0.000" /><testcase classname="tests.test_wind_aware_corridor_search" name="test_south_wind_penalizes_southern_edge" time="0.002" /><testcase classname="tests.test_wind_aware_corridor_search" name="test_east_wind_prefers_interior_when_corner_penalized" time="0.002" /><testcase classname="tests.test_wind_aware_corridor_search" name="test_high_visit_count_reduces_corner_score" time="0.003" /><testcase classname="tests.test_wind_aware_corridor_search" name="test_saturated_target_not_reselected_immediately" time="0.004" /><testcase classname="tests.test_wind_aware_corridor_search" name="test_recent_target_penalty_avoids_immediate_repeat" time="0.003" /><testcase classname="tests.test_wind_aware_corridor_search" name="test_planner_avoids_hold_when_wind_target_reached" time="0.001" /><testcase classname="tests.test_wind_aware_corridor_search" name="test_executor_retargets_when_planner_requests_new_wind_target" time="3.292" /><testcase classname="tests.test_wind_aware_corridor_search" name="test_no_fire_or_smoke_target_selected" time="0.004" /><testcase classname="tests.test_wind_aware_corridor_search" name="test_east_wind_80_step_run_visits_multiple_cells_not_one_corner_camp" time="86.989" /><testcase classname="tests.test_wind_aware_planning" name="test_local_adaptation_generator_emits_wind_aware_option" time="0.007" /><testcase classname="tests.test_wind_aware_planning" name="test_cardinal_winds_produce_different_option_targets" time="0.020" /><testcase classname="tests.test_wind_aware_planning" name="test_wind_option_includes_required_parameters" time="0.004" /><testcase classname="tests.test_wind_aware_planning" name="test_executor_consumes_planner_generated_option" time="0.006" /><testcase classname="tests.test_wind_aware_planning" name="test_executor_fallback_wind_aware_when_planner_option_absent" time="0.124" /><testcase classname="tests.test_wind_aware_planning" name="test_generated_targets_avoid_fire_and_smoke" time="0.005" /><testcase classname="tests.test_wind_aware_planning" name="test_planner_explanation_source_is_planner" time="0.001" /><testcase classname="tests.test_wind_aware_planning" name="test_known_victim_target_overrides_wind_aware_exploration" time="0.001" /><testcase classname="tests.test_wind_aware_trajectory_regression" name="test_north_vs_south_trajectories_diverge_over_40_steps" time="56.768"><failure message="AssertionError: assert (24.0, 45.0) != (24.0, 45.0)&#10; +  where (24.0, 45.0) = WindSimTrace(wind='north', positions=[(25, 25), (24, 25), (23, 25), (22, 25), (21, 25), (20, 25), (19, 25), (18, 25), ...ctim_search_escape_bfs'], final_target=(24.0, 45.0), model=&lt;wildfire_model.WildFireModel object at 0x000002686C878E80&gt;).final_target&#10; +  and   (24.0, 45.0) = WindSimTrace(wind='south', positions=[(25, 25), (24, 25), (23, 25), (22, 25), (21, 25), (20, 25), (19, 25), (18, 25), ...ctim_search_escape_bfs'], final_target=(24.0, 45.0), model=&lt;wildfire_model.WildFireModel object at 0x000002686C8D7940&gt;).final_target">monkeypatch = &lt;_pytest.monkeypatch.MonkeyPatch object at 0x000002686C8797B0&gt;

    def test_north_vs_south_trajectories_diverge_over_40_steps(monkeypatch) -&gt; None:
        _pin_centre_spawn(monkeypatch)
        north = _run_wind_simulation("north", steps=40, seed=DEFAULT_SEED)
        south = _run_wind_simulation("south", steps=40, seed=DEFAULT_SEED)
    
        _assert_wind_aware_behavior(north)
        _assert_wind_aware_behavior(south)
&gt;       _assert_trajectory_or_region_diverged(north, south)

tests\test_wind_aware_trajectory_regression.py:335: 
_ _ _ _ _ _ _ _ _ _ _ _ _ _ _ _ _ _ _ _ _ _ _ _ _ _ _ _ _ _ _ _ _ _ _ _ _ _ _ _
tests\test_wind_aware_trajectory_regression.py:291: in _assert_trajectory_or_region_diverged
    _assert_planning_targets_differ(a, b)
_ _ _ _ _ _ _ _ _ _ _ _ _ _ _ _ _ _ _ _ _ _ _ _ _ _ _ _ _ _ _ _ _ _ _ _ _ _ _ _

a = WindSimTrace(wind='north', positions=[(25, 25), (24, 25), (23, 25), (22, 25), (21, 25), (20, 25), (19, 25), (18, 25), ...ctim_search_escape_bfs'], final_target=(24.0, 45.0), model=&lt;wildfire_model.WildFireModel object at 0x000002686C878E80&gt;)
b = WindSimTrace(wind='south', positions=[(25, 25), (24, 25), (23, 25), (22, 25), (21, 25), (20, 25), (19, 25), (18, 25), ...ctim_search_escape_bfs'], final_target=(24.0, 45.0), model=&lt;wildfire_model.WildFireModel object at 0x000002686C8D7940&gt;)

    def _assert_planning_targets_differ(a: WindSimTrace, b: WindSimTrace) -&gt; None:
        a_targets = set(a.wind_planning_targets)
        b_targets = set(b.wind_planning_targets)
        assert a_targets or b_targets, "expected wind planning targets during MAPE run"
        if a_targets and b_targets:
            assert a_targets != b_targets, (
                f"wind planning targets should differ: {a.wind}={a_targets} {b.wind}={b_targets}"
            )
        if a.final_target is not None and b.final_target is not None:
&gt;           assert a.final_target != b.final_target
E           AssertionError: assert (24.0, 45.0) != (24.0, 45.0)
E            +  where (24.0, 45.0) = WindSimTrace(wind='north', positions=[(25, 25), (24, 25), (23, 25), (22, 25), (21, 25), (20, 25), (19, 25), (18, 25), ...ctim_search_escape_bfs'], final_target=(24.0, 45.0), model=&lt;wildfire_model.WildFireModel object at 0x000002686C878E80&gt;).final_target
E            +  and   (24.0, 45.0) = WindSimTrace(wind='south', positions=[(25, 25), (24, 25), (23, 25), (22, 25), (21, 25), (20, 25), (19, 25), (18, 25), ...ctim_search_escape_bfs'], final_target=(24.0, 45.0), model=&lt;wildfire_model.WildFireModel object at 0x000002686C8D7940&gt;).final_target

tests\test_wind_aware_trajectory_regression.py:286: AssertionError</failure></testcase><testcase classname="tests.test_wind_aware_trajectory_regression" name="test_east_vs_west_trajectories_diverge_over_40_steps" time="56.576"><failure message="AssertionError: assert (24.0, 45.0) != (24.0, 45.0)&#10; +  where (24.0, 45.0) = WindSimTrace(wind='east', positions=[(25, 25), (24, 25), (23, 25), (22, 25), (21, 25), (20, 25), (19, 25), (18, 25), (...ctim_search_escape_bfs'], final_target=(24.0, 45.0), model=&lt;wildfire_model.WildFireModel object at 0x000002686DB41210&gt;).final_target&#10; +  and   (24.0, 45.0) = WindSimTrace(wind='west', positions=[(25, 25), (24, 25), (23, 25), (22, 25), (21, 25), (20, 25), (19, 25), (18, 25), (...ctim_search_escape_bfs'], final_target=(24.0, 45.0), model=&lt;wildfire_model.WildFireModel object at 0x000002686C643E80&gt;).final_target">monkeypatch = &lt;_pytest.monkeypatch.MonkeyPatch object at 0x000002686DB43DC0&gt;

    def test_east_vs_west_trajectories_diverge_over_40_steps(monkeypatch) -&gt; None:
        _pin_centre_spawn(monkeypatch)
        east = _run_wind_simulation("east", steps=40, seed=DEFAULT_SEED)
        west = _run_wind_simulation("west", steps=40, seed=DEFAULT_SEED)
    
        _assert_wind_aware_behavior(east)
        _assert_wind_aware_behavior(west)
&gt;       _assert_trajectory_or_region_diverged(east, west)

tests\test_wind_aware_trajectory_regression.py:345: 
_ _ _ _ _ _ _ _ _ _ _ _ _ _ _ _ _ _ _ _ _ _ _ _ _ _ _ _ _ _ _ _ _ _ _ _ _ _ _ _
tests\test_wind_aware_trajectory_regression.py:291: in _assert_trajectory_or_region_diverged
    _assert_planning_targets_differ(a, b)
_ _ _ _ _ _ _ _ _ _ _ _ _ _ _ _ _ _ _ _ _ _ _ _ _ _ _ _ _ _ _ _ _ _ _ _ _ _ _ _

a = WindSimTrace(wind='east', positions=[(25, 25), (24, 25), (23, 25), (22, 25), (21, 25), (20, 25), (19, 25), (18, 25), (...ctim_search_escape_bfs'], final_target=(24.0, 45.0), model=&lt;wildfire_model.WildFireModel object at 0x000002686DB41210&gt;)
b = WindSimTrace(wind='west', positions=[(25, 25), (24, 25), (23, 25), (22, 25), (21, 25), (20, 25), (19, 25), (18, 25), (...ctim_search_escape_bfs'], final_target=(24.0, 45.0), model=&lt;wildfire_model.WildFireModel object at 0x000002686C643E80&gt;)

    def _assert_planning_targets_differ(a: WindSimTrace, b: WindSimTrace) -&gt; None:
        a_targets = set(a.wind_planning_targets)
        b_targets = set(b.wind_planning_targets)
        assert a_targets or b_targets, "expected wind planning targets during MAPE run"
        if a_targets and b_targets:
            assert a_targets != b_targets, (
                f"wind planning targets should differ: {a.wind}={a_targets} {b.wind}={b_targets}"
            )
        if a.final_target is not None and b.final_target is not None:
&gt;           assert a.final_target != b.final_target
E           AssertionError: assert (24.0, 45.0) != (24.0, 45.0)
E            +  where (24.0, 45.0) = WindSimTrace(wind='east', positions=[(25, 25), (24, 25), (23, 25), (22, 25), (21, 25), (20, 25), (19, 25), (18, 25), (...ctim_search_escape_bfs'], final_target=(24.0, 45.0), model=&lt;wildfire_model.WildFireModel object at 0x000002686DB41210&gt;).final_target
E            +  and   (24.0, 45.0) = WindSimTrace(wind='west', positions=[(25, 25), (24, 25), (23, 25), (22, 25), (21, 25), (20, 25), (19, 25), (18, 25), (...ctim_search_escape_bfs'], final_target=(24.0, 45.0), model=&lt;wildfire_model.WildFireModel object at 0x000002686C643E80&gt;).final_target

tests\test_wind_aware_trajectory_regression.py:286: AssertionError</failure></testcase><testcase classname="tests.test_wind_aware_trajectory_regression" name="test_all_cardinals_produce_distinct_regions_and_safe_positions" time="90.162" /><testcase classname="tests.test_wind_aware_trajectory_regression" name="test_known_victim_overrides_wind_aware_exploration" time="6.844" /><testcase classname="tests.test_wind_aware_victim_search" name="test_wind_reads_runtime_wind_direction_from_common_fixed_variables" time="0.000" /><testcase classname="tests.test_wind_aware_victim_search" name="test_wind_vector_from_direction_maps_cardinals" time="0.000" /><testcase classname="tests.test_wind_aware_victim_search" name="test_wind_north_and_south_produce_different_targets" time="0.109" /><testcase classname="tests.test_wind_aware_victim_search" name="test_wind_east_and_west_produce_different_targets" time="0.039" /><testcase classname="tests.test_wind_aware_victim_search" name="test_wind_aware_target_avoids_fire_and_smoke" time="0.092" /><testcase classname="tests.test_wind_aware_victim_search" name="test_victim_search_wind_aware_action_when_downwind_exists" time="0.015" /><testcase classname="tests.test_wind_aware_victim_search" name="test_fallback_exploring_when_no_wind_target" time="0.010" /><testcase classname="tests.test_wind_aware_victim_search" name="test_explanation_recorded_for_wind_aware_search" time="0.001" /><testcase classname="tests.test_wind_aware_victim_search" name="test_sweep_initialization_differs_by_wind" time="0.000" /><testcase classname="tests.test_wind_aware_victim_search" name="test_environment_bridge_update_and_summary" time="0.000" /><testcase classname="tests.test_wind_aware_victim_search" name="test_wildfire_model_syncs_wind_to_bridge" time="0.009" /><testcase classname="tests.test_y_sweep_commit" name="test_y_sweep_commits_to_far_north_until_penetrated" time="0.000" /><testcase classname="tests.test_y_sweep_commit" name="test_y_sweep_commits_to_far_south_until_penetrated" time="0.000" /><testcase classname="tests.test_y_sweep_commit" name="test_y_sweep_does_not_flip_at_midline" time="0.000" /><testcase classname="tests.test_y_sweep_commit" name="test_victim_searcher_reaches_y_ge_40_in_scenario_a_seed42" time="329.316" /></testsuite></testsuites>