============================= test session starts =============================
platform win32 -- Python 3.10.11, pytest-9.1.1, pluggy-1.6.0 -- E:\Projects\SAS\.venv\Scripts\python.exe
cachedir: .pytest_cache
rootdir: E:\Projects\SAS
collecting ... collected 12 items

tests/test_executor_routing_and_burnt.py::test_retarget_routes_around_smoke PASSED [  8%]
tests/test_executor_routing_and_burnt.py::test_bfs_escape_reaches_far_target PASSED [ 16%]
tests/test_executor_routing_and_burnt.py::test_bfs_depth_30_fails_but_100_succeeds PASSED [ 25%]
tests/test_executor_routing_and_burnt.py::test_forced_progress_uses_deep_bfs_for_far_target PASSED [ 33%]
tests/test_executor_routing_and_burnt.py::test_fire_cell_becomes_burnt_when_fuel_depleted PASSED [ 41%]
tests/test_executor_routing_and_burnt.py::test_burnt_cell_never_reignites PASSED [ 50%]
tests/test_executor_routing_and_burnt.py::test_burnt_cell_portrayal_is_not_green PASSED [ 58%]
tests/test_executor_routing_and_burnt.py::test_burned_cell_renders_dark_not_green_when_fire_stops PASSED [ 66%]
tests/test_executor_routing_and_burnt.py::test_has_burned_cell_with_fuel_may_reignite PASSED [ 75%]
tests/test_executor_routing_and_burnt.py::test_cell_becomes_burnt_only_when_fuel_depleted PASSED [ 83%]
tests/test_executor_routing_and_burnt.py::test_has_burned_cell_may_stop_burning_before_fuel_depleted PASSED [ 91%]
tests/test_executor_routing_and_burnt.py::test_fire_self_limits_does_not_burn_whole_map PASSED [100%]

======================= 12 passed in 125.19s (0:02:05) ========================
